[2026-03-14T15:54:26.899+0000] {local_task_job_runner.py:120} INFO - ::group::Pre task execution logs
[2026-03-14T15:54:26.922+0000] {taskinstance.py:2076} INFO - Dependencies all met for dep_context=non-requeueable deps ti=<TaskInstance: Airflow_Lab1_Stock_Clustering.load_model_task manual__2026-03-14T15:54:10.952327+00:00 [queued]>
[2026-03-14T15:54:26.930+0000] {taskinstance.py:2076} INFO - Dependencies all met for dep_context=requeueable deps ti=<TaskInstance: Airflow_Lab1_Stock_Clustering.load_model_task manual__2026-03-14T15:54:10.952327+00:00 [queued]>
[2026-03-14T15:54:26.932+0000] {taskinstance.py:2306} INFO - Starting attempt 1 of 1
[2026-03-14T15:54:26.952+0000] {taskinstance.py:2330} INFO - Executing <Task(PythonOperator): load_model_task> on 2026-03-14 15:54:10.952327+00:00
[2026-03-14T15:54:26.962+0000] {warnings.py:112} WARNING - /home/***/.local/lib/python3.12/site-packages/***/task/task_runner/standard_task_runner.py:61: DeprecationWarning: This process (pid=259) is multi-threaded, use of fork() may lead to deadlocks in the child.
  pid = os.fork()

[2026-03-14T15:54:26.965+0000] {standard_task_runner.py:63} INFO - Started process 269 to run task
[2026-03-14T15:54:26.964+0000] {standard_task_runner.py:90} INFO - Running: ['***', 'tasks', 'run', 'Airflow_Lab1_Stock_Clustering', 'load_model_task', 'manual__2026-03-14T15:54:10.952327+00:00', '--job-id', '15', '--raw', '--subdir', 'DAGS_FOLDER/***.py', '--cfg-path', '/tmp/tmpdopuowv7']
[2026-03-14T15:54:26.967+0000] {standard_task_runner.py:91} INFO - Job 15: Subtask load_model_task
[2026-03-14T15:54:27.046+0000] {task_command.py:426} INFO - Running <TaskInstance: Airflow_Lab1_Stock_Clustering.load_model_task manual__2026-03-14T15:54:10.952327+00:00 [running]> on host 2aa9567fd8d6
[2026-03-14T15:54:27.170+0000] {taskinstance.py:2648} INFO - Exporting env vars: AIRFLOW_CTX_DAG_OWNER='student' AIRFLOW_CTX_DAG_ID='Airflow_Lab1_Stock_Clustering' AIRFLOW_CTX_TASK_ID='load_model_task' AIRFLOW_CTX_EXECUTION_DATE='2026-03-14T15:54:10.952327+00:00' AIRFLOW_CTX_TRY_NUMBER='1' AIRFLOW_CTX_DAG_RUN_ID='manual__2026-03-14T15:54:10.952327+00:00'
[2026-03-14T15:54:27.172+0000] {taskinstance.py:430} INFO - ::endgroup::
[2026-03-14T15:54:27.267+0000] {logging_mixin.py:188} INFO - 
============================================================
[2026-03-14T15:54:27.276+0000] {logging_mixin.py:188} INFO -    STOCK MARKET CLUSTER DASHBOARD  –  Synthetic OHLCV
[2026-03-14T15:54:27.277+0000] {logging_mixin.py:188} INFO - ============================================================
[2026-03-14T15:54:27.278+0000] {logging_mixin.py:188} INFO -   Optimal k            : 3
[2026-03-14T15:54:27.278+0000] {logging_mixin.py:188} INFO -   Best Silhouette Score: 0.4855  (range: -1 → +1)
[2026-03-14T15:54:27.279+0000] {logging_mixin.py:188} INFO - 
  k             SSE    Silhouette  Note
[2026-03-14T15:54:27.280+0000] {logging_mixin.py:188} INFO -   --------------------------------------------------
[2026-03-14T15:54:27.280+0000] {logging_mixin.py:188} INFO -   2          651.28        0.4827  
[2026-03-14T15:54:27.281+0000] {logging_mixin.py:188} INFO -   3          402.61        0.4855  <-- BEST
[2026-03-14T15:54:27.281+0000] {logging_mixin.py:188} INFO -   4          317.37        0.4127  
[2026-03-14T15:54:27.282+0000] {logging_mixin.py:188} INFO -   5          249.64        0.3557  
[2026-03-14T15:54:27.282+0000] {logging_mixin.py:188} INFO -   6          198.55        0.3720  
[2026-03-14T15:54:27.283+0000] {logging_mixin.py:188} INFO -   7          163.65        0.4123  
[2026-03-14T15:54:27.288+0000] {logging_mixin.py:188} INFO -   8          135.88        0.4171  
[2026-03-14T15:54:27.293+0000] {logging_mixin.py:188} INFO - 
  Per-cluster market regime profile:
[2026-03-14T15:54:27.296+0000] {logging_mixin.py:188} INFO -   Cluster     Count    Avg Return    Avg Volatility    Avg Sharpe
[2026-03-14T15:54:27.305+0000] {logging_mixin.py:188} INFO -   --------------------------------------------------------------
[2026-03-14T15:54:27.310+0000] {logging_mixin.py:188} INFO -   0              24     -0.000850          0.025220       -0.0341
[2026-03-14T15:54:27.319+0000] {logging_mixin.py:188} INFO -   1             131      0.000301          0.006661        0.0466
[2026-03-14T15:54:27.324+0000] {logging_mixin.py:188} INFO -   2              45      0.001800          0.019424        0.1070
[2026-03-14T15:54:27.328+0000] {logging_mixin.py:188} INFO - 
  Cluster size bars (each # ≈ 2 stocks):
[2026-03-14T15:54:27.329+0000] {logging_mixin.py:188} INFO -     Cluster 0:   24 stocks  ############
[2026-03-14T15:54:27.332+0000] {logging_mixin.py:188} INFO -     Cluster 1:  131 stocks  #################################################################
[2026-03-14T15:54:27.334+0000] {logging_mixin.py:188} INFO -     Cluster 2:   45 stocks  ######################
[2026-03-14T15:54:27.336+0000] {logging_mixin.py:188} INFO - ============================================================
[2026-03-14T15:54:27.337+0000] {logging_mixin.py:188} INFO - Optimal clusters: 3, Silhouette: 0.4855
[2026-03-14T15:54:27.338+0000] {python.py:237} INFO - Done. Returned value was: Optimal clusters: 3, Silhouette: 0.4855
[2026-03-14T15:54:27.339+0000] {taskinstance.py:441} INFO - ::group::Post task execution logs
[2026-03-14T15:54:27.375+0000] {taskinstance.py:1206} INFO - Marking task as SUCCESS. dag_id=Airflow_Lab1_Stock_Clustering, task_id=load_model_task, run_id=manual__2026-03-14T15:54:10.952327+00:00, execution_date=20260314T155410, start_date=20260314T155426, end_date=20260314T155427
[2026-03-14T15:54:27.422+0000] {local_task_job_runner.py:240} INFO - Task exited with return code 0
[2026-03-14T15:54:27.440+0000] {taskinstance.py:3503} INFO - 0 downstream tasks scheduled from follow-on schedule check
[2026-03-14T15:54:27.444+0000] {local_task_job_runner.py:222} INFO - ::endgroup::
