[2026-03-14T15:54:10.254+0000] {local_task_job_runner.py:120} INFO - ::group::Pre task execution logs
[2026-03-14T15:54:10.273+0000] {taskinstance.py:2076} INFO - Dependencies all met for dep_context=non-requeueable deps ti=<TaskInstance: Airflow_Lab1_Stock_Clustering.load_model_task manual__2026-03-14T15:53:53.136891+00:00 [queued]>
[2026-03-14T15:54:10.281+0000] {taskinstance.py:2076} INFO - Dependencies all met for dep_context=requeueable deps ti=<TaskInstance: Airflow_Lab1_Stock_Clustering.load_model_task manual__2026-03-14T15:53:53.136891+00:00 [queued]>
[2026-03-14T15:54:10.282+0000] {taskinstance.py:2306} INFO - Starting attempt 1 of 1
[2026-03-14T15:54:10.297+0000] {taskinstance.py:2330} INFO - Executing <Task(PythonOperator): load_model_task> on 2026-03-14 15:53:53.136891+00:00
[2026-03-14T15:54:10.306+0000] {warnings.py:112} WARNING - /home/***/.local/lib/python3.12/site-packages/***/task/task_runner/standard_task_runner.py:61: DeprecationWarning: This process (pid=170) is multi-threaded, use of fork() may lead to deadlocks in the child.
  pid = os.fork()

[2026-03-14T15:54:10.309+0000] {standard_task_runner.py:63} INFO - Started process 180 to run task
[2026-03-14T15:54:10.308+0000] {standard_task_runner.py:90} INFO - Running: ['***', 'tasks', 'run', 'Airflow_Lab1_Stock_Clustering', 'load_model_task', 'manual__2026-03-14T15:53:53.136891+00:00', '--job-id', '10', '--raw', '--subdir', 'DAGS_FOLDER/***.py', '--cfg-path', '/tmp/tmph20y_k83']
[2026-03-14T15:54:10.311+0000] {standard_task_runner.py:91} INFO - Job 10: Subtask load_model_task
[2026-03-14T15:54:10.376+0000] {task_command.py:426} INFO - Running <TaskInstance: Airflow_Lab1_Stock_Clustering.load_model_task manual__2026-03-14T15:53:53.136891+00:00 [running]> on host 2aa9567fd8d6
[2026-03-14T15:54:10.478+0000] {taskinstance.py:2648} INFO - Exporting env vars: AIRFLOW_CTX_DAG_OWNER='student' AIRFLOW_CTX_DAG_ID='Airflow_Lab1_Stock_Clustering' AIRFLOW_CTX_TASK_ID='load_model_task' AIRFLOW_CTX_EXECUTION_DATE='2026-03-14T15:53:53.136891+00:00' AIRFLOW_CTX_TRY_NUMBER='1' AIRFLOW_CTX_DAG_RUN_ID='manual__2026-03-14T15:53:53.136891+00:00'
[2026-03-14T15:54:10.479+0000] {taskinstance.py:430} INFO - ::endgroup::
[2026-03-14T15:54:10.544+0000] {logging_mixin.py:188} INFO - 
============================================================
[2026-03-14T15:54:10.546+0000] {logging_mixin.py:188} INFO -    STOCK MARKET CLUSTER DASHBOARD  –  Synthetic OHLCV
[2026-03-14T15:54:10.547+0000] {logging_mixin.py:188} INFO - ============================================================
[2026-03-14T15:54:10.557+0000] {logging_mixin.py:188} INFO -   Optimal k            : 3
[2026-03-14T15:54:10.558+0000] {logging_mixin.py:188} INFO -   Best Silhouette Score: 0.4855  (range: -1 → +1)
[2026-03-14T15:54:10.559+0000] {logging_mixin.py:188} INFO - 
  k             SSE    Silhouette  Note
[2026-03-14T15:54:10.559+0000] {logging_mixin.py:188} INFO -   --------------------------------------------------
[2026-03-14T15:54:10.560+0000] {logging_mixin.py:188} INFO -   2          651.28        0.4827  
[2026-03-14T15:54:10.560+0000] {logging_mixin.py:188} INFO -   3          402.61        0.4855  <-- BEST
[2026-03-14T15:54:10.561+0000] {logging_mixin.py:188} INFO -   4          317.37        0.4127  
[2026-03-14T15:54:10.561+0000] {logging_mixin.py:188} INFO -   5          249.64        0.3557  
[2026-03-14T15:54:10.562+0000] {logging_mixin.py:188} INFO -   6          198.55        0.3720  
[2026-03-14T15:54:10.562+0000] {logging_mixin.py:188} INFO -   7          163.65        0.4123  
[2026-03-14T15:54:10.563+0000] {logging_mixin.py:188} INFO -   8          135.88        0.4171  
[2026-03-14T15:54:10.563+0000] {logging_mixin.py:188} INFO - 
  Per-cluster market regime profile:
[2026-03-14T15:54:10.564+0000] {logging_mixin.py:188} INFO -   Cluster     Count    Avg Return    Avg Volatility    Avg Sharpe
[2026-03-14T15:54:10.564+0000] {logging_mixin.py:188} INFO -   --------------------------------------------------------------
[2026-03-14T15:54:10.587+0000] {logging_mixin.py:188} INFO -   0              24     -0.000850          0.025220       -0.0341
[2026-03-14T15:54:10.591+0000] {logging_mixin.py:188} INFO -   1             131      0.000301          0.006661        0.0466
[2026-03-14T15:54:10.595+0000] {logging_mixin.py:188} INFO -   2              45      0.001800          0.019424        0.1070
[2026-03-14T15:54:10.597+0000] {logging_mixin.py:188} INFO - 
  Cluster size bars (each # ≈ 2 stocks):
[2026-03-14T15:54:10.598+0000] {logging_mixin.py:188} INFO -     Cluster 0:   24 stocks  ############
[2026-03-14T15:54:10.599+0000] {logging_mixin.py:188} INFO -     Cluster 1:  131 stocks  #################################################################
[2026-03-14T15:54:10.600+0000] {logging_mixin.py:188} INFO -     Cluster 2:   45 stocks  ######################
[2026-03-14T15:54:10.601+0000] {logging_mixin.py:188} INFO - ============================================================
[2026-03-14T15:54:10.602+0000] {logging_mixin.py:188} INFO - Optimal clusters: 3, Silhouette: 0.4855
[2026-03-14T15:54:10.602+0000] {python.py:237} INFO - Done. Returned value was: Optimal clusters: 3, Silhouette: 0.4855
[2026-03-14T15:54:10.603+0000] {taskinstance.py:441} INFO - ::group::Post task execution logs
[2026-03-14T15:54:10.649+0000] {taskinstance.py:1206} INFO - Marking task as SUCCESS. dag_id=Airflow_Lab1_Stock_Clustering, task_id=load_model_task, run_id=manual__2026-03-14T15:53:53.136891+00:00, execution_date=20260314T155353, start_date=20260314T155410, end_date=20260314T155410
[2026-03-14T15:54:10.685+0000] {local_task_job_runner.py:240} INFO - Task exited with return code 0
[2026-03-14T15:54:10.711+0000] {taskinstance.py:3503} INFO - 0 downstream tasks scheduled from follow-on schedule check
[2026-03-14T15:54:10.716+0000] {local_task_job_runner.py:222} INFO - ::endgroup::
