[2026-03-14T15:33:25.343+0000] {processor.py:161} INFO - Started process (PID=87) to work on /opt/airflow/dags/airflow.py
[2026-03-14T15:33:25.344+0000] {processor.py:830} INFO - Processing file /opt/airflow/dags/airflow.py for tasks to queue
[2026-03-14T15:33:25.347+0000] {logging_mixin.py:188} INFO - [2026-03-14T15:33:25.347+0000] {dagbag.py:545} INFO - Filling up the DagBag from /opt/airflow/dags/airflow.py
[2026-03-14T15:33:25.378+0000] {logging_mixin.py:188} INFO - [2026-03-14T15:33:25.372+0000] {dagbag.py:355} ERROR - Failed to import: /opt/airflow/dags/airflow.py
Traceback (most recent call last):
  File "/home/airflow/.local/lib/python3.12/site-packages/airflow/models/dagbag.py", line 351, in parse
    loader.exec_module(new_module)
  File "<frozen importlib._bootstrap_external>", line 995, in exec_module
  File "<frozen importlib._bootstrap>", line 488, in _call_with_frames_removed
  File "/opt/airflow/dags/airflow.py", line 4, in <module>
    from airflow.providers.standard.operators.python import PythonOperator
ModuleNotFoundError: No module named 'airflow.providers.standard'
[2026-03-14T15:33:25.383+0000] {processor.py:842} WARNING - No viable dags retrieved from /opt/airflow/dags/airflow.py
[2026-03-14T15:33:25.406+0000] {processor.py:183} INFO - Processing /opt/airflow/dags/airflow.py took 0.071 seconds
[2026-03-14T15:33:55.636+0000] {processor.py:161} INFO - Started process (PID=94) to work on /opt/airflow/dags/airflow.py
[2026-03-14T15:33:55.637+0000] {processor.py:830} INFO - Processing file /opt/airflow/dags/airflow.py for tasks to queue
[2026-03-14T15:33:55.640+0000] {logging_mixin.py:188} INFO - [2026-03-14T15:33:55.640+0000] {dagbag.py:545} INFO - Filling up the DagBag from /opt/airflow/dags/airflow.py
[2026-03-14T15:33:55.657+0000] {logging_mixin.py:188} INFO - [2026-03-14T15:33:55.653+0000] {dagbag.py:355} ERROR - Failed to import: /opt/airflow/dags/airflow.py
Traceback (most recent call last):
  File "/home/airflow/.local/lib/python3.12/site-packages/airflow/models/dagbag.py", line 351, in parse
    loader.exec_module(new_module)
  File "<frozen importlib._bootstrap_external>", line 995, in exec_module
  File "<frozen importlib._bootstrap>", line 488, in _call_with_frames_removed
  File "/opt/airflow/dags/airflow.py", line 4, in <module>
    from airflow.providers.standard.operators.python import PythonOperator
ModuleNotFoundError: No module named 'airflow.providers.standard'
[2026-03-14T15:33:55.658+0000] {processor.py:842} WARNING - No viable dags retrieved from /opt/airflow/dags/airflow.py
[2026-03-14T15:33:55.679+0000] {processor.py:183} INFO - Processing /opt/airflow/dags/airflow.py took 0.049 seconds
[2026-03-14T15:34:25.965+0000] {processor.py:161} INFO - Started process (PID=101) to work on /opt/airflow/dags/airflow.py
[2026-03-14T15:34:25.966+0000] {processor.py:830} INFO - Processing file /opt/airflow/dags/airflow.py for tasks to queue
[2026-03-14T15:34:25.972+0000] {logging_mixin.py:188} INFO - [2026-03-14T15:34:25.972+0000] {dagbag.py:545} INFO - Filling up the DagBag from /opt/airflow/dags/airflow.py
[2026-03-14T15:34:25.994+0000] {logging_mixin.py:188} INFO - [2026-03-14T15:34:25.988+0000] {dagbag.py:355} ERROR - Failed to import: /opt/airflow/dags/airflow.py
Traceback (most recent call last):
  File "/home/airflow/.local/lib/python3.12/site-packages/airflow/models/dagbag.py", line 351, in parse
    loader.exec_module(new_module)
  File "<frozen importlib._bootstrap_external>", line 995, in exec_module
  File "<frozen importlib._bootstrap>", line 488, in _call_with_frames_removed
  File "/opt/airflow/dags/airflow.py", line 4, in <module>
    from airflow.providers.standard.operators.python import PythonOperator
ModuleNotFoundError: No module named 'airflow.providers.standard'
[2026-03-14T15:34:25.996+0000] {processor.py:842} WARNING - No viable dags retrieved from /opt/airflow/dags/airflow.py
[2026-03-14T15:34:26.023+0000] {processor.py:183} INFO - Processing /opt/airflow/dags/airflow.py took 0.073 seconds
[2026-03-14T15:34:56.251+0000] {processor.py:161} INFO - Started process (PID=108) to work on /opt/airflow/dags/airflow.py
[2026-03-14T15:34:56.253+0000] {processor.py:830} INFO - Processing file /opt/airflow/dags/airflow.py for tasks to queue
[2026-03-14T15:34:56.256+0000] {logging_mixin.py:188} INFO - [2026-03-14T15:34:56.255+0000] {dagbag.py:545} INFO - Filling up the DagBag from /opt/airflow/dags/airflow.py
[2026-03-14T15:34:56.270+0000] {logging_mixin.py:188} INFO - [2026-03-14T15:34:56.267+0000] {dagbag.py:355} ERROR - Failed to import: /opt/airflow/dags/airflow.py
Traceback (most recent call last):
  File "/home/airflow/.local/lib/python3.12/site-packages/airflow/models/dagbag.py", line 351, in parse
    loader.exec_module(new_module)
  File "<frozen importlib._bootstrap_external>", line 995, in exec_module
  File "<frozen importlib._bootstrap>", line 488, in _call_with_frames_removed
  File "/opt/airflow/dags/airflow.py", line 4, in <module>
    from airflow.providers.standard.operators.python import PythonOperator
ModuleNotFoundError: No module named 'airflow.providers.standard'
[2026-03-14T15:34:56.272+0000] {processor.py:842} WARNING - No viable dags retrieved from /opt/airflow/dags/airflow.py
[2026-03-14T15:34:56.294+0000] {processor.py:183} INFO - Processing /opt/airflow/dags/airflow.py took 0.050 seconds
[2026-03-14T15:35:26.582+0000] {processor.py:161} INFO - Started process (PID=115) to work on /opt/airflow/dags/airflow.py
[2026-03-14T15:35:26.583+0000] {processor.py:830} INFO - Processing file /opt/airflow/dags/airflow.py for tasks to queue
[2026-03-14T15:35:26.587+0000] {logging_mixin.py:188} INFO - [2026-03-14T15:35:26.586+0000] {dagbag.py:545} INFO - Filling up the DagBag from /opt/airflow/dags/airflow.py
[2026-03-14T15:35:26.616+0000] {logging_mixin.py:188} INFO - [2026-03-14T15:35:26.610+0000] {dagbag.py:355} ERROR - Failed to import: /opt/airflow/dags/airflow.py
Traceback (most recent call last):
  File "/home/airflow/.local/lib/python3.12/site-packages/airflow/models/dagbag.py", line 351, in parse
    loader.exec_module(new_module)
  File "<frozen importlib._bootstrap_external>", line 995, in exec_module
  File "<frozen importlib._bootstrap>", line 488, in _call_with_frames_removed
  File "/opt/airflow/dags/airflow.py", line 4, in <module>
    from airflow.providers.standard.operators.python import PythonOperator
ModuleNotFoundError: No module named 'airflow.providers.standard'
[2026-03-14T15:35:26.618+0000] {processor.py:842} WARNING - No viable dags retrieved from /opt/airflow/dags/airflow.py
[2026-03-14T15:35:26.640+0000] {processor.py:183} INFO - Processing /opt/airflow/dags/airflow.py took 0.070 seconds
[2026-03-14T15:35:56.866+0000] {processor.py:161} INFO - Started process (PID=122) to work on /opt/airflow/dags/airflow.py
[2026-03-14T15:35:56.867+0000] {processor.py:830} INFO - Processing file /opt/airflow/dags/airflow.py for tasks to queue
[2026-03-14T15:35:56.872+0000] {logging_mixin.py:188} INFO - [2026-03-14T15:35:56.872+0000] {dagbag.py:545} INFO - Filling up the DagBag from /opt/airflow/dags/airflow.py
[2026-03-14T15:35:56.890+0000] {logging_mixin.py:188} INFO - [2026-03-14T15:35:56.886+0000] {dagbag.py:355} ERROR - Failed to import: /opt/airflow/dags/airflow.py
Traceback (most recent call last):
  File "/home/airflow/.local/lib/python3.12/site-packages/airflow/models/dagbag.py", line 351, in parse
    loader.exec_module(new_module)
  File "<frozen importlib._bootstrap_external>", line 995, in exec_module
  File "<frozen importlib._bootstrap>", line 488, in _call_with_frames_removed
  File "/opt/airflow/dags/airflow.py", line 4, in <module>
    from airflow.providers.standard.operators.python import PythonOperator
ModuleNotFoundError: No module named 'airflow.providers.standard'
[2026-03-14T15:35:56.891+0000] {processor.py:842} WARNING - No viable dags retrieved from /opt/airflow/dags/airflow.py
[2026-03-14T15:35:56.919+0000] {processor.py:183} INFO - Processing /opt/airflow/dags/airflow.py took 0.062 seconds
[2026-03-14T15:36:27.164+0000] {processor.py:161} INFO - Started process (PID=129) to work on /opt/airflow/dags/airflow.py
[2026-03-14T15:36:27.165+0000] {processor.py:830} INFO - Processing file /opt/airflow/dags/airflow.py for tasks to queue
[2026-03-14T15:36:27.169+0000] {logging_mixin.py:188} INFO - [2026-03-14T15:36:27.168+0000] {dagbag.py:545} INFO - Filling up the DagBag from /opt/airflow/dags/airflow.py
[2026-03-14T15:36:27.191+0000] {logging_mixin.py:188} INFO - [2026-03-14T15:36:27.187+0000] {dagbag.py:355} ERROR - Failed to import: /opt/airflow/dags/airflow.py
Traceback (most recent call last):
  File "/home/airflow/.local/lib/python3.12/site-packages/airflow/models/dagbag.py", line 351, in parse
    loader.exec_module(new_module)
  File "<frozen importlib._bootstrap_external>", line 995, in exec_module
  File "<frozen importlib._bootstrap>", line 488, in _call_with_frames_removed
  File "/opt/airflow/dags/airflow.py", line 4, in <module>
    from airflow.providers.standard.operators.python import PythonOperator
ModuleNotFoundError: No module named 'airflow.providers.standard'
[2026-03-14T15:36:27.194+0000] {processor.py:842} WARNING - No viable dags retrieved from /opt/airflow/dags/airflow.py
[2026-03-14T15:36:27.224+0000] {processor.py:183} INFO - Processing /opt/airflow/dags/airflow.py took 0.067 seconds
[2026-03-14T15:36:57.503+0000] {processor.py:161} INFO - Started process (PID=136) to work on /opt/airflow/dags/airflow.py
[2026-03-14T15:36:57.504+0000] {processor.py:830} INFO - Processing file /opt/airflow/dags/airflow.py for tasks to queue
[2026-03-14T15:36:57.507+0000] {logging_mixin.py:188} INFO - [2026-03-14T15:36:57.506+0000] {dagbag.py:545} INFO - Filling up the DagBag from /opt/airflow/dags/airflow.py
[2026-03-14T15:36:57.526+0000] {logging_mixin.py:188} INFO - [2026-03-14T15:36:57.521+0000] {dagbag.py:355} ERROR - Failed to import: /opt/airflow/dags/airflow.py
Traceback (most recent call last):
  File "/home/airflow/.local/lib/python3.12/site-packages/airflow/models/dagbag.py", line 351, in parse
    loader.exec_module(new_module)
  File "<frozen importlib._bootstrap_external>", line 995, in exec_module
  File "<frozen importlib._bootstrap>", line 488, in _call_with_frames_removed
  File "/opt/airflow/dags/airflow.py", line 4, in <module>
    from airflow.providers.standard.operators.python import PythonOperator
ModuleNotFoundError: No module named 'airflow.providers.standard'
[2026-03-14T15:36:57.528+0000] {processor.py:842} WARNING - No viable dags retrieved from /opt/airflow/dags/airflow.py
[2026-03-14T15:36:57.552+0000] {processor.py:183} INFO - Processing /opt/airflow/dags/airflow.py took 0.058 seconds
[2026-03-14T15:37:27.807+0000] {processor.py:161} INFO - Started process (PID=143) to work on /opt/airflow/dags/airflow.py
[2026-03-14T15:37:27.808+0000] {processor.py:830} INFO - Processing file /opt/airflow/dags/airflow.py for tasks to queue
[2026-03-14T15:37:27.810+0000] {logging_mixin.py:188} INFO - [2026-03-14T15:37:27.810+0000] {dagbag.py:545} INFO - Filling up the DagBag from /opt/airflow/dags/airflow.py
[2026-03-14T15:37:27.825+0000] {logging_mixin.py:188} INFO - [2026-03-14T15:37:27.821+0000] {dagbag.py:355} ERROR - Failed to import: /opt/airflow/dags/airflow.py
Traceback (most recent call last):
  File "/home/airflow/.local/lib/python3.12/site-packages/airflow/models/dagbag.py", line 351, in parse
    loader.exec_module(new_module)
  File "<frozen importlib._bootstrap_external>", line 995, in exec_module
  File "<frozen importlib._bootstrap>", line 488, in _call_with_frames_removed
  File "/opt/airflow/dags/airflow.py", line 4, in <module>
    from airflow.providers.standard.operators.python import PythonOperator
ModuleNotFoundError: No module named 'airflow.providers.standard'
[2026-03-14T15:37:27.826+0000] {processor.py:842} WARNING - No viable dags retrieved from /opt/airflow/dags/airflow.py
[2026-03-14T15:37:27.848+0000] {processor.py:183} INFO - Processing /opt/airflow/dags/airflow.py took 0.046 seconds
[2026-03-14T15:37:58.116+0000] {processor.py:161} INFO - Started process (PID=150) to work on /opt/airflow/dags/airflow.py
[2026-03-14T15:37:58.117+0000] {processor.py:830} INFO - Processing file /opt/airflow/dags/airflow.py for tasks to queue
[2026-03-14T15:37:58.120+0000] {logging_mixin.py:188} INFO - [2026-03-14T15:37:58.120+0000] {dagbag.py:545} INFO - Filling up the DagBag from /opt/airflow/dags/airflow.py
[2026-03-14T15:37:58.152+0000] {logging_mixin.py:188} INFO - [2026-03-14T15:37:58.144+0000] {dagbag.py:355} ERROR - Failed to import: /opt/airflow/dags/airflow.py
Traceback (most recent call last):
  File "/home/airflow/.local/lib/python3.12/site-packages/airflow/models/dagbag.py", line 351, in parse
    loader.exec_module(new_module)
  File "<frozen importlib._bootstrap_external>", line 995, in exec_module
  File "<frozen importlib._bootstrap>", line 488, in _call_with_frames_removed
  File "/opt/airflow/dags/airflow.py", line 4, in <module>
    from airflow.providers.standard.operators.python import PythonOperator
ModuleNotFoundError: No module named 'airflow.providers.standard'
[2026-03-14T15:37:58.154+0000] {processor.py:842} WARNING - No viable dags retrieved from /opt/airflow/dags/airflow.py
[2026-03-14T15:37:58.190+0000] {processor.py:183} INFO - Processing /opt/airflow/dags/airflow.py took 0.085 seconds
[2026-03-14T15:38:02.268+0000] {processor.py:161} INFO - Started process (PID=157) to work on /opt/airflow/dags/airflow.py
[2026-03-14T15:38:02.272+0000] {processor.py:830} INFO - Processing file /opt/airflow/dags/airflow.py for tasks to queue
[2026-03-14T15:38:02.275+0000] {logging_mixin.py:188} INFO - [2026-03-14T15:38:02.275+0000] {dagbag.py:545} INFO - Filling up the DagBag from /opt/airflow/dags/airflow.py
[2026-03-14T15:38:06.955+0000] {logging_mixin.py:188} INFO - [2026-03-14T15:38:06.945+0000] {dagbag.py:355} ERROR - Failed to import: /opt/airflow/dags/airflow.py
Traceback (most recent call last):
  File "/home/airflow/.local/lib/python3.12/site-packages/airflow/models/dagbag.py", line 351, in parse
    loader.exec_module(new_module)
  File "<frozen importlib._bootstrap_external>", line 995, in exec_module
  File "<frozen importlib._bootstrap>", line 488, in _call_with_frames_removed
  File "/opt/airflow/dags/airflow.py", line 6, in <module>
    from src.lab import (
  File "/opt/airflow/dags/src/lab.py", line 4, in <module>
    from kneed import KneeLocator
ModuleNotFoundError: No module named 'kneed'
[2026-03-14T15:38:06.958+0000] {processor.py:842} WARNING - No viable dags retrieved from /opt/airflow/dags/airflow.py
[2026-03-14T15:38:06.979+0000] {processor.py:183} INFO - Processing /opt/airflow/dags/airflow.py took 4.729 seconds
[2026-03-14T15:38:37.311+0000] {processor.py:161} INFO - Started process (PID=173) to work on /opt/airflow/dags/airflow.py
[2026-03-14T15:38:37.312+0000] {processor.py:830} INFO - Processing file /opt/airflow/dags/airflow.py for tasks to queue
[2026-03-14T15:38:37.314+0000] {logging_mixin.py:188} INFO - [2026-03-14T15:38:37.314+0000] {dagbag.py:545} INFO - Filling up the DagBag from /opt/airflow/dags/airflow.py
[2026-03-14T15:38:38.612+0000] {logging_mixin.py:188} INFO - [2026-03-14T15:38:38.602+0000] {dagbag.py:355} ERROR - Failed to import: /opt/airflow/dags/airflow.py
Traceback (most recent call last):
  File "/home/airflow/.local/lib/python3.12/site-packages/airflow/models/dagbag.py", line 351, in parse
    loader.exec_module(new_module)
  File "<frozen importlib._bootstrap_external>", line 995, in exec_module
  File "<frozen importlib._bootstrap>", line 488, in _call_with_frames_removed
  File "/opt/airflow/dags/airflow.py", line 6, in <module>
    from src.lab import (
  File "/opt/airflow/dags/src/lab.py", line 4, in <module>
    from kneed import KneeLocator
ModuleNotFoundError: No module named 'kneed'
[2026-03-14T15:38:38.615+0000] {processor.py:842} WARNING - No viable dags retrieved from /opt/airflow/dags/airflow.py
[2026-03-14T15:38:38.632+0000] {processor.py:183} INFO - Processing /opt/airflow/dags/airflow.py took 1.326 seconds
[2026-03-14T15:39:08.997+0000] {processor.py:161} INFO - Started process (PID=189) to work on /opt/airflow/dags/airflow.py
[2026-03-14T15:39:08.998+0000] {processor.py:830} INFO - Processing file /opt/airflow/dags/airflow.py for tasks to queue
[2026-03-14T15:39:09.000+0000] {logging_mixin.py:188} INFO - [2026-03-14T15:39:09.000+0000] {dagbag.py:545} INFO - Filling up the DagBag from /opt/airflow/dags/airflow.py
[2026-03-14T15:39:10.374+0000] {logging_mixin.py:188} INFO - [2026-03-14T15:39:10.364+0000] {dagbag.py:355} ERROR - Failed to import: /opt/airflow/dags/airflow.py
Traceback (most recent call last):
  File "/home/airflow/.local/lib/python3.12/site-packages/airflow/models/dagbag.py", line 351, in parse
    loader.exec_module(new_module)
  File "<frozen importlib._bootstrap_external>", line 995, in exec_module
  File "<frozen importlib._bootstrap>", line 488, in _call_with_frames_removed
  File "/opt/airflow/dags/airflow.py", line 6, in <module>
    from src.lab import (
  File "/opt/airflow/dags/src/lab.py", line 4, in <module>
    from kneed import KneeLocator
ModuleNotFoundError: No module named 'kneed'
[2026-03-14T15:39:10.376+0000] {processor.py:842} WARNING - No viable dags retrieved from /opt/airflow/dags/airflow.py
[2026-03-14T15:39:10.396+0000] {processor.py:183} INFO - Processing /opt/airflow/dags/airflow.py took 1.404 seconds
[2026-03-14T15:39:20.101+0000] {processor.py:161} INFO - Started process (PID=199) to work on /opt/airflow/dags/airflow.py
[2026-03-14T15:39:20.102+0000] {processor.py:830} INFO - Processing file /opt/airflow/dags/airflow.py for tasks to queue
[2026-03-14T15:39:20.104+0000] {logging_mixin.py:188} INFO - [2026-03-14T15:39:20.103+0000] {dagbag.py:545} INFO - Filling up the DagBag from /opt/airflow/dags/airflow.py
[2026-03-14T15:39:21.593+0000] {logging_mixin.py:188} INFO - [2026-03-14T15:39:21.572+0000] {dagbag.py:355} ERROR - Failed to import: /opt/airflow/dags/airflow.py
Traceback (most recent call last):
  File "/home/airflow/.local/lib/python3.12/site-packages/airflow/models/dagbag.py", line 351, in parse
    loader.exec_module(new_module)
  File "<frozen importlib._bootstrap_external>", line 995, in exec_module
  File "<frozen importlib._bootstrap>", line 488, in _call_with_frames_removed
  File "/opt/airflow/dags/airflow.py", line 6, in <module>
    from src.lab import (
  File "/opt/airflow/dags/src/lab.py", line 4, in <module>
    from kneed import KneeLocator
ModuleNotFoundError: No module named 'kneed'
[2026-03-14T15:39:21.601+0000] {processor.py:842} WARNING - No viable dags retrieved from /opt/airflow/dags/airflow.py
[2026-03-14T15:39:21.630+0000] {processor.py:183} INFO - Processing /opt/airflow/dags/airflow.py took 1.535 seconds
[2026-03-14T15:39:51.814+0000] {processor.py:161} INFO - Started process (PID=215) to work on /opt/airflow/dags/airflow.py
[2026-03-14T15:39:51.819+0000] {processor.py:830} INFO - Processing file /opt/airflow/dags/airflow.py for tasks to queue
[2026-03-14T15:39:51.823+0000] {logging_mixin.py:188} INFO - [2026-03-14T15:39:51.822+0000] {dagbag.py:545} INFO - Filling up the DagBag from /opt/airflow/dags/airflow.py
[2026-03-14T15:39:53.174+0000] {logging_mixin.py:188} INFO - [2026-03-14T15:39:53.159+0000] {dagbag.py:355} ERROR - Failed to import: /opt/airflow/dags/airflow.py
Traceback (most recent call last):
  File "/home/airflow/.local/lib/python3.12/site-packages/airflow/models/dagbag.py", line 351, in parse
    loader.exec_module(new_module)
  File "<frozen importlib._bootstrap_external>", line 995, in exec_module
  File "<frozen importlib._bootstrap>", line 488, in _call_with_frames_removed
  File "/opt/airflow/dags/airflow.py", line 6, in <module>
    from src.lab import (
  File "/opt/airflow/dags/src/lab.py", line 4, in <module>
    from kneed import KneeLocator
ModuleNotFoundError: No module named 'kneed'
[2026-03-14T15:39:53.178+0000] {processor.py:842} WARNING - No viable dags retrieved from /opt/airflow/dags/airflow.py
[2026-03-14T15:39:53.202+0000] {processor.py:183} INFO - Processing /opt/airflow/dags/airflow.py took 1.395 seconds
[2026-03-14T15:40:23.475+0000] {processor.py:161} INFO - Started process (PID=231) to work on /opt/airflow/dags/airflow.py
[2026-03-14T15:40:23.477+0000] {processor.py:830} INFO - Processing file /opt/airflow/dags/airflow.py for tasks to queue
[2026-03-14T15:40:23.482+0000] {logging_mixin.py:188} INFO - [2026-03-14T15:40:23.481+0000] {dagbag.py:545} INFO - Filling up the DagBag from /opt/airflow/dags/airflow.py
[2026-03-14T15:40:26.199+0000] {processor.py:840} INFO - DAG(s) 'Airflow_Lab1_Stock_Clustering' retrieved from /opt/airflow/dags/airflow.py
[2026-03-14T15:40:26.472+0000] {logging_mixin.py:188} INFO - [2026-03-14T15:40:26.471+0000] {override.py:1829} INFO - Created Permission View: can read on DAG:Airflow_Lab1_Stock_Clustering
[2026-03-14T15:40:26.487+0000] {logging_mixin.py:188} INFO - [2026-03-14T15:40:26.486+0000] {override.py:1829} INFO - Created Permission View: can edit on DAG:Airflow_Lab1_Stock_Clustering
[2026-03-14T15:40:26.499+0000] {logging_mixin.py:188} INFO - [2026-03-14T15:40:26.498+0000] {override.py:1829} INFO - Created Permission View: can delete on DAG:Airflow_Lab1_Stock_Clustering
[2026-03-14T15:40:26.500+0000] {logging_mixin.py:188} INFO - [2026-03-14T15:40:26.499+0000] {dag.py:3096} INFO - Sync 1 DAGs
[2026-03-14T15:40:26.515+0000] {logging_mixin.py:188} INFO - [2026-03-14T15:40:26.515+0000] {dag.py:3118} INFO - Creating ORM DAG for Airflow_Lab1_Stock_Clustering
[2026-03-14T15:40:26.517+0000] {logging_mixin.py:188} INFO - [2026-03-14T15:40:26.516+0000] {dag.py:3954} INFO - Setting next_dagrun for Airflow_Lab1_Stock_Clustering to None, run_after=None
[2026-03-14T15:40:26.541+0000] {processor.py:183} INFO - Processing /opt/airflow/dags/airflow.py took 3.073 seconds
[2026-03-14T15:40:56.749+0000] {processor.py:161} INFO - Started process (PID=247) to work on /opt/airflow/dags/airflow.py
[2026-03-14T15:40:56.751+0000] {processor.py:830} INFO - Processing file /opt/airflow/dags/airflow.py for tasks to queue
[2026-03-14T15:40:56.753+0000] {logging_mixin.py:188} INFO - [2026-03-14T15:40:56.753+0000] {dagbag.py:545} INFO - Filling up the DagBag from /opt/airflow/dags/airflow.py
[2026-03-14T15:40:57.979+0000] {processor.py:840} INFO - DAG(s) 'Airflow_Lab1_Stock_Clustering' retrieved from /opt/airflow/dags/airflow.py
[2026-03-14T15:40:58.004+0000] {logging_mixin.py:188} INFO - [2026-03-14T15:40:58.004+0000] {dag.py:3096} INFO - Sync 1 DAGs
[2026-03-14T15:40:58.014+0000] {logging_mixin.py:188} INFO - [2026-03-14T15:40:58.014+0000] {dag.py:3954} INFO - Setting next_dagrun for Airflow_Lab1_Stock_Clustering to None, run_after=None
[2026-03-14T15:40:58.037+0000] {processor.py:183} INFO - Processing /opt/airflow/dags/airflow.py took 1.293 seconds
[2026-03-14T15:41:09.959+0000] {processor.py:161} INFO - Started process (PID=263) to work on /opt/airflow/dags/airflow.py
[2026-03-14T15:41:09.962+0000] {processor.py:830} INFO - Processing file /opt/airflow/dags/airflow.py for tasks to queue
[2026-03-14T15:41:09.964+0000] {logging_mixin.py:188} INFO - [2026-03-14T15:41:09.964+0000] {dagbag.py:545} INFO - Filling up the DagBag from /opt/airflow/dags/airflow.py
[2026-03-14T15:41:11.245+0000] {processor.py:840} INFO - DAG(s) 'Airflow_Lab1_Stock_Clustering' retrieved from /opt/airflow/dags/airflow.py
[2026-03-14T15:41:11.272+0000] {logging_mixin.py:188} INFO - [2026-03-14T15:41:11.272+0000] {dag.py:3096} INFO - Sync 1 DAGs
[2026-03-14T15:41:11.282+0000] {logging_mixin.py:188} INFO - [2026-03-14T15:41:11.281+0000] {dag.py:3954} INFO - Setting next_dagrun for Airflow_Lab1_Stock_Clustering to None, run_after=None
[2026-03-14T15:41:11.315+0000] {processor.py:183} INFO - Processing /opt/airflow/dags/airflow.py took 1.361 seconds
[2026-03-14T15:41:19.427+0000] {processor.py:161} INFO - Started process (PID=273) to work on /opt/airflow/dags/airflow.py
[2026-03-14T15:41:19.428+0000] {processor.py:830} INFO - Processing file /opt/airflow/dags/airflow.py for tasks to queue
[2026-03-14T15:41:19.430+0000] {logging_mixin.py:188} INFO - [2026-03-14T15:41:19.430+0000] {dagbag.py:545} INFO - Filling up the DagBag from /opt/airflow/dags/airflow.py
[2026-03-14T15:41:20.719+0000] {processor.py:840} INFO - DAG(s) 'Airflow_Lab1_Stock_Clustering' retrieved from /opt/airflow/dags/airflow.py
[2026-03-14T15:41:20.743+0000] {logging_mixin.py:188} INFO - [2026-03-14T15:41:20.743+0000] {dag.py:3096} INFO - Sync 1 DAGs
[2026-03-14T15:41:20.755+0000] {logging_mixin.py:188} INFO - [2026-03-14T15:41:20.755+0000] {dag.py:3954} INFO - Setting next_dagrun for Airflow_Lab1_Stock_Clustering to None, run_after=None
[2026-03-14T15:41:20.782+0000] {processor.py:183} INFO - Processing /opt/airflow/dags/airflow.py took 1.361 seconds
[2026-03-14T15:41:51.080+0000] {processor.py:161} INFO - Started process (PID=289) to work on /opt/airflow/dags/airflow.py
[2026-03-14T15:41:51.082+0000] {processor.py:830} INFO - Processing file /opt/airflow/dags/airflow.py for tasks to queue
[2026-03-14T15:41:51.087+0000] {logging_mixin.py:188} INFO - [2026-03-14T15:41:51.087+0000] {dagbag.py:545} INFO - Filling up the DagBag from /opt/airflow/dags/airflow.py
[2026-03-14T15:41:53.310+0000] {processor.py:840} INFO - DAG(s) 'Airflow_Lab1_Stock_Clustering' retrieved from /opt/airflow/dags/airflow.py
[2026-03-14T15:41:53.334+0000] {logging_mixin.py:188} INFO - [2026-03-14T15:41:53.333+0000] {dag.py:3096} INFO - Sync 1 DAGs
[2026-03-14T15:41:53.343+0000] {logging_mixin.py:188} INFO - [2026-03-14T15:41:53.342+0000] {dag.py:3954} INFO - Setting next_dagrun for Airflow_Lab1_Stock_Clustering to None, run_after=None
[2026-03-14T15:41:53.399+0000] {processor.py:183} INFO - Processing /opt/airflow/dags/airflow.py took 2.330 seconds
[2026-03-14T15:42:23.745+0000] {processor.py:161} INFO - Started process (PID=305) to work on /opt/airflow/dags/airflow.py
[2026-03-14T15:42:23.746+0000] {processor.py:830} INFO - Processing file /opt/airflow/dags/airflow.py for tasks to queue
[2026-03-14T15:42:23.749+0000] {logging_mixin.py:188} INFO - [2026-03-14T15:42:23.749+0000] {dagbag.py:545} INFO - Filling up the DagBag from /opt/airflow/dags/airflow.py
[2026-03-14T15:42:25.797+0000] {processor.py:840} INFO - DAG(s) 'Airflow_Lab1_Stock_Clustering' retrieved from /opt/airflow/dags/airflow.py
[2026-03-14T15:42:25.840+0000] {logging_mixin.py:188} INFO - [2026-03-14T15:42:25.840+0000] {dag.py:3096} INFO - Sync 1 DAGs
[2026-03-14T15:42:25.853+0000] {logging_mixin.py:188} INFO - [2026-03-14T15:42:25.852+0000] {dag.py:3954} INFO - Setting next_dagrun for Airflow_Lab1_Stock_Clustering to None, run_after=None
[2026-03-14T15:42:25.879+0000] {processor.py:183} INFO - Processing /opt/airflow/dags/airflow.py took 2.141 seconds
[2026-03-14T15:42:56.092+0000] {processor.py:161} INFO - Started process (PID=321) to work on /opt/airflow/dags/airflow.py
[2026-03-14T15:42:56.094+0000] {processor.py:830} INFO - Processing file /opt/airflow/dags/airflow.py for tasks to queue
[2026-03-14T15:42:56.098+0000] {logging_mixin.py:188} INFO - [2026-03-14T15:42:56.097+0000] {dagbag.py:545} INFO - Filling up the DagBag from /opt/airflow/dags/airflow.py
[2026-03-14T15:42:58.259+0000] {processor.py:840} INFO - DAG(s) 'Airflow_Lab1_Stock_Clustering' retrieved from /opt/airflow/dags/airflow.py
[2026-03-14T15:42:58.295+0000] {logging_mixin.py:188} INFO - [2026-03-14T15:42:58.294+0000] {dag.py:3096} INFO - Sync 1 DAGs
[2026-03-14T15:42:58.335+0000] {logging_mixin.py:188} INFO - [2026-03-14T15:42:58.335+0000] {dag.py:3954} INFO - Setting next_dagrun for Airflow_Lab1_Stock_Clustering to None, run_after=None
[2026-03-14T15:42:58.378+0000] {processor.py:183} INFO - Processing /opt/airflow/dags/airflow.py took 2.297 seconds
[2026-03-14T15:43:24.445+0000] {processor.py:161} INFO - Started process (PID=337) to work on /opt/airflow/dags/airflow.py
[2026-03-14T15:43:24.446+0000] {processor.py:830} INFO - Processing file /opt/airflow/dags/airflow.py for tasks to queue
[2026-03-14T15:43:24.449+0000] {logging_mixin.py:188} INFO - [2026-03-14T15:43:24.448+0000] {dagbag.py:545} INFO - Filling up the DagBag from /opt/airflow/dags/airflow.py
[2026-03-14T15:43:25.953+0000] {processor.py:840} INFO - DAG(s) 'Airflow_Lab1_Stock_Clustering' retrieved from /opt/airflow/dags/airflow.py
[2026-03-14T15:43:26.015+0000] {logging_mixin.py:188} INFO - [2026-03-14T15:43:26.015+0000] {dag.py:3096} INFO - Sync 1 DAGs
[2026-03-14T15:43:26.031+0000] {logging_mixin.py:188} INFO - [2026-03-14T15:43:26.031+0000] {dag.py:3954} INFO - Setting next_dagrun for Airflow_Lab1_Stock_Clustering to None, run_after=None
[2026-03-14T15:43:26.066+0000] {processor.py:183} INFO - Processing /opt/airflow/dags/airflow.py took 1.628 seconds
[2026-03-14T15:43:56.399+0000] {processor.py:161} INFO - Started process (PID=353) to work on /opt/airflow/dags/airflow.py
[2026-03-14T15:43:56.400+0000] {processor.py:830} INFO - Processing file /opt/airflow/dags/airflow.py for tasks to queue
[2026-03-14T15:43:56.402+0000] {logging_mixin.py:188} INFO - [2026-03-14T15:43:56.402+0000] {dagbag.py:545} INFO - Filling up the DagBag from /opt/airflow/dags/airflow.py
[2026-03-14T15:43:57.711+0000] {processor.py:840} INFO - DAG(s) 'Airflow_Lab1_Stock_Clustering' retrieved from /opt/airflow/dags/airflow.py
[2026-03-14T15:43:57.738+0000] {logging_mixin.py:188} INFO - [2026-03-14T15:43:57.737+0000] {dag.py:3096} INFO - Sync 1 DAGs
[2026-03-14T15:43:57.748+0000] {logging_mixin.py:188} INFO - [2026-03-14T15:43:57.747+0000] {dag.py:3954} INFO - Setting next_dagrun for Airflow_Lab1_Stock_Clustering to None, run_after=None
[2026-03-14T15:43:57.771+0000] {processor.py:183} INFO - Processing /opt/airflow/dags/airflow.py took 1.377 seconds
[2026-03-14T15:44:28.112+0000] {processor.py:161} INFO - Started process (PID=369) to work on /opt/airflow/dags/airflow.py
[2026-03-14T15:44:28.114+0000] {processor.py:830} INFO - Processing file /opt/airflow/dags/airflow.py for tasks to queue
[2026-03-14T15:44:28.118+0000] {logging_mixin.py:188} INFO - [2026-03-14T15:44:28.117+0000] {dagbag.py:545} INFO - Filling up the DagBag from /opt/airflow/dags/airflow.py
[2026-03-14T15:44:30.187+0000] {processor.py:840} INFO - DAG(s) 'Airflow_Lab1_Stock_Clustering' retrieved from /opt/airflow/dags/airflow.py
[2026-03-14T15:44:30.224+0000] {logging_mixin.py:188} INFO - [2026-03-14T15:44:30.223+0000] {dag.py:3096} INFO - Sync 1 DAGs
[2026-03-14T15:44:30.269+0000] {logging_mixin.py:188} INFO - [2026-03-14T15:44:30.269+0000] {dag.py:3954} INFO - Setting next_dagrun for Airflow_Lab1_Stock_Clustering to None, run_after=None
[2026-03-14T15:44:30.351+0000] {processor.py:183} INFO - Processing /opt/airflow/dags/airflow.py took 2.246 seconds
[2026-03-14T15:45:00.657+0000] {processor.py:161} INFO - Started process (PID=391) to work on /opt/airflow/dags/airflow.py
[2026-03-14T15:45:00.658+0000] {processor.py:830} INFO - Processing file /opt/airflow/dags/airflow.py for tasks to queue
[2026-03-14T15:45:00.660+0000] {logging_mixin.py:188} INFO - [2026-03-14T15:45:00.660+0000] {dagbag.py:545} INFO - Filling up the DagBag from /opt/airflow/dags/airflow.py
[2026-03-14T15:45:02.548+0000] {processor.py:840} INFO - DAG(s) 'Airflow_Lab1_Stock_Clustering' retrieved from /opt/airflow/dags/airflow.py
[2026-03-14T15:45:02.593+0000] {logging_mixin.py:188} INFO - [2026-03-14T15:45:02.593+0000] {dag.py:3096} INFO - Sync 1 DAGs
[2026-03-14T15:45:02.614+0000] {logging_mixin.py:188} INFO - [2026-03-14T15:45:02.614+0000] {dag.py:3954} INFO - Setting next_dagrun for Airflow_Lab1_Stock_Clustering to None, run_after=None
[2026-03-14T15:45:02.649+0000] {processor.py:183} INFO - Processing /opt/airflow/dags/airflow.py took 1.998 seconds
[2026-03-14T15:45:32.958+0000] {processor.py:161} INFO - Started process (PID=407) to work on /opt/airflow/dags/airflow.py
[2026-03-14T15:45:32.959+0000] {processor.py:830} INFO - Processing file /opt/airflow/dags/airflow.py for tasks to queue
[2026-03-14T15:45:32.962+0000] {logging_mixin.py:188} INFO - [2026-03-14T15:45:32.962+0000] {dagbag.py:545} INFO - Filling up the DagBag from /opt/airflow/dags/airflow.py
[2026-03-14T15:45:34.343+0000] {processor.py:840} INFO - DAG(s) 'Airflow_Lab1_Stock_Clustering' retrieved from /opt/airflow/dags/airflow.py
[2026-03-14T15:45:34.391+0000] {logging_mixin.py:188} INFO - [2026-03-14T15:45:34.390+0000] {dag.py:3096} INFO - Sync 1 DAGs
[2026-03-14T15:45:34.410+0000] {logging_mixin.py:188} INFO - [2026-03-14T15:45:34.409+0000] {dag.py:3954} INFO - Setting next_dagrun for Airflow_Lab1_Stock_Clustering to None, run_after=None
[2026-03-14T15:45:34.460+0000] {processor.py:183} INFO - Processing /opt/airflow/dags/airflow.py took 1.508 seconds
[2026-03-14T15:46:04.780+0000] {processor.py:161} INFO - Started process (PID=423) to work on /opt/airflow/dags/airflow.py
[2026-03-14T15:46:04.781+0000] {processor.py:830} INFO - Processing file /opt/airflow/dags/airflow.py for tasks to queue
[2026-03-14T15:46:04.785+0000] {logging_mixin.py:188} INFO - [2026-03-14T15:46:04.784+0000] {dagbag.py:545} INFO - Filling up the DagBag from /opt/airflow/dags/airflow.py
[2026-03-14T15:46:06.188+0000] {processor.py:840} INFO - DAG(s) 'Airflow_Lab1_Stock_Clustering' retrieved from /opt/airflow/dags/airflow.py
[2026-03-14T15:46:06.214+0000] {logging_mixin.py:188} INFO - [2026-03-14T15:46:06.213+0000] {dag.py:3096} INFO - Sync 1 DAGs
[2026-03-14T15:46:06.226+0000] {logging_mixin.py:188} INFO - [2026-03-14T15:46:06.226+0000] {dag.py:3954} INFO - Setting next_dagrun for Airflow_Lab1_Stock_Clustering to None, run_after=None
[2026-03-14T15:46:06.255+0000] {processor.py:183} INFO - Processing /opt/airflow/dags/airflow.py took 1.482 seconds
[2026-03-14T15:46:36.532+0000] {processor.py:161} INFO - Started process (PID=439) to work on /opt/airflow/dags/airflow.py
[2026-03-14T15:46:36.534+0000] {processor.py:830} INFO - Processing file /opt/airflow/dags/airflow.py for tasks to queue
[2026-03-14T15:46:36.536+0000] {logging_mixin.py:188} INFO - [2026-03-14T15:46:36.536+0000] {dagbag.py:545} INFO - Filling up the DagBag from /opt/airflow/dags/airflow.py
[2026-03-14T15:46:38.559+0000] {processor.py:840} INFO - DAG(s) 'Airflow_Lab1_Stock_Clustering' retrieved from /opt/airflow/dags/airflow.py
[2026-03-14T15:46:38.608+0000] {logging_mixin.py:188} INFO - [2026-03-14T15:46:38.607+0000] {dag.py:3096} INFO - Sync 1 DAGs
[2026-03-14T15:46:38.629+0000] {logging_mixin.py:188} INFO - [2026-03-14T15:46:38.628+0000] {dag.py:3954} INFO - Setting next_dagrun for Airflow_Lab1_Stock_Clustering to None, run_after=None
[2026-03-14T15:46:38.704+0000] {processor.py:183} INFO - Processing /opt/airflow/dags/airflow.py took 2.178 seconds
[2026-03-14T15:47:09.094+0000] {processor.py:161} INFO - Started process (PID=455) to work on /opt/airflow/dags/airflow.py
[2026-03-14T15:47:09.096+0000] {processor.py:830} INFO - Processing file /opt/airflow/dags/airflow.py for tasks to queue
[2026-03-14T15:47:09.099+0000] {logging_mixin.py:188} INFO - [2026-03-14T15:47:09.098+0000] {dagbag.py:545} INFO - Filling up the DagBag from /opt/airflow/dags/airflow.py
[2026-03-14T15:47:10.598+0000] {processor.py:840} INFO - DAG(s) 'Airflow_Lab1_Stock_Clustering' retrieved from /opt/airflow/dags/airflow.py
[2026-03-14T15:47:10.620+0000] {logging_mixin.py:188} INFO - [2026-03-14T15:47:10.620+0000] {dag.py:3096} INFO - Sync 1 DAGs
[2026-03-14T15:47:10.629+0000] {logging_mixin.py:188} INFO - [2026-03-14T15:47:10.629+0000] {dag.py:3954} INFO - Setting next_dagrun for Airflow_Lab1_Stock_Clustering to None, run_after=None
[2026-03-14T15:47:10.659+0000] {processor.py:183} INFO - Processing /opt/airflow/dags/airflow.py took 1.571 seconds
[2026-03-14T15:47:40.967+0000] {processor.py:161} INFO - Started process (PID=471) to work on /opt/airflow/dags/airflow.py
[2026-03-14T15:47:40.969+0000] {processor.py:830} INFO - Processing file /opt/airflow/dags/airflow.py for tasks to queue
[2026-03-14T15:47:40.972+0000] {logging_mixin.py:188} INFO - [2026-03-14T15:47:40.971+0000] {dagbag.py:545} INFO - Filling up the DagBag from /opt/airflow/dags/airflow.py
[2026-03-14T15:47:42.480+0000] {processor.py:840} INFO - DAG(s) 'Airflow_Lab1_Stock_Clustering' retrieved from /opt/airflow/dags/airflow.py
[2026-03-14T15:47:42.514+0000] {logging_mixin.py:188} INFO - [2026-03-14T15:47:42.513+0000] {dag.py:3096} INFO - Sync 1 DAGs
[2026-03-14T15:47:42.529+0000] {logging_mixin.py:188} INFO - [2026-03-14T15:47:42.528+0000] {dag.py:3954} INFO - Setting next_dagrun for Airflow_Lab1_Stock_Clustering to None, run_after=None
[2026-03-14T15:47:42.554+0000] {processor.py:183} INFO - Processing /opt/airflow/dags/airflow.py took 1.597 seconds
[2026-03-14T15:48:12.857+0000] {processor.py:161} INFO - Started process (PID=487) to work on /opt/airflow/dags/airflow.py
[2026-03-14T15:48:12.861+0000] {processor.py:830} INFO - Processing file /opt/airflow/dags/airflow.py for tasks to queue
[2026-03-14T15:48:12.866+0000] {logging_mixin.py:188} INFO - [2026-03-14T15:48:12.865+0000] {dagbag.py:545} INFO - Filling up the DagBag from /opt/airflow/dags/airflow.py
[2026-03-14T15:48:15.304+0000] {processor.py:840} INFO - DAG(s) 'Airflow_Lab1_Stock_Clustering' retrieved from /opt/airflow/dags/airflow.py
[2026-03-14T15:48:15.385+0000] {logging_mixin.py:188} INFO - [2026-03-14T15:48:15.384+0000] {dag.py:3096} INFO - Sync 1 DAGs
[2026-03-14T15:48:15.399+0000] {logging_mixin.py:188} INFO - [2026-03-14T15:48:15.399+0000] {dag.py:3954} INFO - Setting next_dagrun for Airflow_Lab1_Stock_Clustering to None, run_after=None
[2026-03-14T15:48:15.428+0000] {processor.py:183} INFO - Processing /opt/airflow/dags/airflow.py took 2.586 seconds
[2026-03-14T15:48:45.910+0000] {processor.py:161} INFO - Started process (PID=503) to work on /opt/airflow/dags/airflow.py
[2026-03-14T15:48:45.911+0000] {processor.py:830} INFO - Processing file /opt/airflow/dags/airflow.py for tasks to queue
[2026-03-14T15:48:45.913+0000] {logging_mixin.py:188} INFO - [2026-03-14T15:48:45.913+0000] {dagbag.py:545} INFO - Filling up the DagBag from /opt/airflow/dags/airflow.py
[2026-03-14T15:48:48.116+0000] {processor.py:840} INFO - DAG(s) 'Airflow_Lab1_Stock_Clustering' retrieved from /opt/airflow/dags/airflow.py
[2026-03-14T15:48:48.150+0000] {logging_mixin.py:188} INFO - [2026-03-14T15:48:48.149+0000] {dag.py:3096} INFO - Sync 1 DAGs
[2026-03-14T15:48:48.164+0000] {logging_mixin.py:188} INFO - [2026-03-14T15:48:48.164+0000] {dag.py:3954} INFO - Setting next_dagrun for Airflow_Lab1_Stock_Clustering to None, run_after=None
[2026-03-14T15:48:48.190+0000] {processor.py:183} INFO - Processing /opt/airflow/dags/airflow.py took 2.289 seconds
[2026-03-14T15:49:18.408+0000] {processor.py:161} INFO - Started process (PID=519) to work on /opt/airflow/dags/airflow.py
[2026-03-14T15:49:18.409+0000] {processor.py:830} INFO - Processing file /opt/airflow/dags/airflow.py for tasks to queue
[2026-03-14T15:49:18.412+0000] {logging_mixin.py:188} INFO - [2026-03-14T15:49:18.412+0000] {dagbag.py:545} INFO - Filling up the DagBag from /opt/airflow/dags/airflow.py
[2026-03-14T15:49:19.972+0000] {processor.py:840} INFO - DAG(s) 'Airflow_Lab1_Stock_Clustering' retrieved from /opt/airflow/dags/airflow.py
[2026-03-14T15:49:19.999+0000] {logging_mixin.py:188} INFO - [2026-03-14T15:49:19.998+0000] {dag.py:3096} INFO - Sync 1 DAGs
[2026-03-14T15:49:20.009+0000] {logging_mixin.py:188} INFO - [2026-03-14T15:49:20.008+0000] {dag.py:3954} INFO - Setting next_dagrun for Airflow_Lab1_Stock_Clustering to None, run_after=None
[2026-03-14T15:49:20.031+0000] {processor.py:183} INFO - Processing /opt/airflow/dags/airflow.py took 1.630 seconds
[2026-03-14T15:49:50.485+0000] {processor.py:161} INFO - Started process (PID=535) to work on /opt/airflow/dags/airflow.py
[2026-03-14T15:49:50.486+0000] {processor.py:830} INFO - Processing file /opt/airflow/dags/airflow.py for tasks to queue
[2026-03-14T15:49:50.490+0000] {logging_mixin.py:188} INFO - [2026-03-14T15:49:50.489+0000] {dagbag.py:545} INFO - Filling up the DagBag from /opt/airflow/dags/airflow.py
[2026-03-14T15:49:52.554+0000] {processor.py:840} INFO - DAG(s) 'Airflow_Lab1_Stock_Clustering' retrieved from /opt/airflow/dags/airflow.py
[2026-03-14T15:49:52.594+0000] {logging_mixin.py:188} INFO - [2026-03-14T15:49:52.594+0000] {dag.py:3096} INFO - Sync 1 DAGs
[2026-03-14T15:49:52.613+0000] {logging_mixin.py:188} INFO - [2026-03-14T15:49:52.613+0000] {dag.py:3954} INFO - Setting next_dagrun for Airflow_Lab1_Stock_Clustering to None, run_after=None
[2026-03-14T15:49:52.655+0000] {processor.py:183} INFO - Processing /opt/airflow/dags/airflow.py took 2.186 seconds
[2026-03-14T15:50:22.773+0000] {processor.py:161} INFO - Started process (PID=551) to work on /opt/airflow/dags/airflow.py
[2026-03-14T15:50:22.775+0000] {processor.py:830} INFO - Processing file /opt/airflow/dags/airflow.py for tasks to queue
[2026-03-14T15:50:22.777+0000] {logging_mixin.py:188} INFO - [2026-03-14T15:50:22.777+0000] {dagbag.py:545} INFO - Filling up the DagBag from /opt/airflow/dags/airflow.py
[2026-03-14T15:50:24.053+0000] {processor.py:840} INFO - DAG(s) 'Airflow_Lab1_Stock_Clustering' retrieved from /opt/airflow/dags/airflow.py
[2026-03-14T15:50:24.079+0000] {logging_mixin.py:188} INFO - [2026-03-14T15:50:24.078+0000] {dag.py:3096} INFO - Sync 1 DAGs
[2026-03-14T15:50:24.089+0000] {logging_mixin.py:188} INFO - [2026-03-14T15:50:24.088+0000] {dag.py:3954} INFO - Setting next_dagrun for Airflow_Lab1_Stock_Clustering to None, run_after=None
[2026-03-14T15:50:24.111+0000] {processor.py:183} INFO - Processing /opt/airflow/dags/airflow.py took 1.344 seconds
[2026-03-14T15:50:54.260+0000] {processor.py:161} INFO - Started process (PID=567) to work on /opt/airflow/dags/airflow.py
[2026-03-14T15:50:54.261+0000] {processor.py:830} INFO - Processing file /opt/airflow/dags/airflow.py for tasks to queue
[2026-03-14T15:50:54.263+0000] {logging_mixin.py:188} INFO - [2026-03-14T15:50:54.263+0000] {dagbag.py:545} INFO - Filling up the DagBag from /opt/airflow/dags/airflow.py
[2026-03-14T15:50:55.594+0000] {processor.py:840} INFO - DAG(s) 'Airflow_Lab1_Stock_Clustering' retrieved from /opt/airflow/dags/airflow.py
[2026-03-14T15:50:55.621+0000] {logging_mixin.py:188} INFO - [2026-03-14T15:50:55.620+0000] {dag.py:3096} INFO - Sync 1 DAGs
[2026-03-14T15:50:55.631+0000] {logging_mixin.py:188} INFO - [2026-03-14T15:50:55.631+0000] {dag.py:3954} INFO - Setting next_dagrun for Airflow_Lab1_Stock_Clustering to None, run_after=None
[2026-03-14T15:50:55.654+0000] {processor.py:183} INFO - Processing /opt/airflow/dags/airflow.py took 1.400 seconds
[2026-03-14T15:52:48.852+0000] {processor.py:161} INFO - Started process (PID=92) to work on /opt/airflow/dags/airflow.py
[2026-03-14T15:52:48.856+0000] {processor.py:830} INFO - Processing file /opt/airflow/dags/airflow.py for tasks to queue
[2026-03-14T15:52:48.864+0000] {logging_mixin.py:188} INFO - [2026-03-14T15:52:48.863+0000] {dagbag.py:545} INFO - Filling up the DagBag from /opt/airflow/dags/airflow.py
[2026-03-14T15:52:55.466+0000] {processor.py:840} INFO - DAG(s) 'Airflow_Lab1_Stock_Clustering' retrieved from /opt/airflow/dags/airflow.py
[2026-03-14T15:52:57.366+0000] {logging_mixin.py:188} INFO - [2026-03-14T15:52:57.365+0000] {dag.py:3096} INFO - Sync 1 DAGs
[2026-03-14T15:52:57.444+0000] {logging_mixin.py:188} INFO - [2026-03-14T15:52:57.444+0000] {dag.py:3954} INFO - Setting next_dagrun for Airflow_Lab1_Stock_Clustering to None, run_after=None
[2026-03-14T15:52:57.559+0000] {processor.py:183} INFO - Processing /opt/airflow/dags/airflow.py took 8.734 seconds
[2026-03-14T15:53:28.007+0000] {processor.py:161} INFO - Started process (PID=108) to work on /opt/airflow/dags/airflow.py
[2026-03-14T15:53:28.014+0000] {processor.py:830} INFO - Processing file /opt/airflow/dags/airflow.py for tasks to queue
[2026-03-14T15:53:28.023+0000] {logging_mixin.py:188} INFO - [2026-03-14T15:53:28.021+0000] {dagbag.py:545} INFO - Filling up the DagBag from /opt/airflow/dags/airflow.py
[2026-03-14T15:53:30.239+0000] {processor.py:840} INFO - DAG(s) 'Airflow_Lab1_Stock_Clustering' retrieved from /opt/airflow/dags/airflow.py
[2026-03-14T15:53:30.276+0000] {logging_mixin.py:188} INFO - [2026-03-14T15:53:30.275+0000] {dag.py:3096} INFO - Sync 1 DAGs
[2026-03-14T15:53:30.292+0000] {logging_mixin.py:188} INFO - [2026-03-14T15:53:30.291+0000] {dag.py:3954} INFO - Setting next_dagrun for Airflow_Lab1_Stock_Clustering to None, run_after=None
[2026-03-14T15:53:30.329+0000] {processor.py:183} INFO - Processing /opt/airflow/dags/airflow.py took 2.363 seconds
[2026-03-14T15:54:00.692+0000] {processor.py:161} INFO - Started process (PID=124) to work on /opt/airflow/dags/airflow.py
[2026-03-14T15:54:00.693+0000] {processor.py:830} INFO - Processing file /opt/airflow/dags/airflow.py for tasks to queue
[2026-03-14T15:54:00.698+0000] {logging_mixin.py:188} INFO - [2026-03-14T15:54:00.696+0000] {dagbag.py:545} INFO - Filling up the DagBag from /opt/airflow/dags/airflow.py
[2026-03-14T15:54:03.106+0000] {processor.py:840} INFO - DAG(s) 'Airflow_Lab1_Stock_Clustering' retrieved from /opt/airflow/dags/airflow.py
[2026-03-14T15:54:03.130+0000] {logging_mixin.py:188} INFO - [2026-03-14T15:54:03.129+0000] {dag.py:3096} INFO - Sync 1 DAGs
[2026-03-14T15:54:03.140+0000] {logging_mixin.py:188} INFO - [2026-03-14T15:54:03.140+0000] {dag.py:3954} INFO - Setting next_dagrun for Airflow_Lab1_Stock_Clustering to None, run_after=None
[2026-03-14T15:54:03.160+0000] {processor.py:183} INFO - Processing /opt/airflow/dags/airflow.py took 2.476 seconds
[2026-03-14T15:54:33.469+0000] {processor.py:161} INFO - Started process (PID=140) to work on /opt/airflow/dags/airflow.py
[2026-03-14T15:54:33.471+0000] {processor.py:830} INFO - Processing file /opt/airflow/dags/airflow.py for tasks to queue
[2026-03-14T15:54:33.473+0000] {logging_mixin.py:188} INFO - [2026-03-14T15:54:33.473+0000] {dagbag.py:545} INFO - Filling up the DagBag from /opt/airflow/dags/airflow.py
[2026-03-14T15:54:35.028+0000] {processor.py:840} INFO - DAG(s) 'Airflow_Lab1_Stock_Clustering' retrieved from /opt/airflow/dags/airflow.py
[2026-03-14T15:54:35.062+0000] {logging_mixin.py:188} INFO - [2026-03-14T15:54:35.062+0000] {dag.py:3096} INFO - Sync 1 DAGs
[2026-03-14T15:54:35.073+0000] {logging_mixin.py:188} INFO - [2026-03-14T15:54:35.073+0000] {dag.py:3954} INFO - Setting next_dagrun for Airflow_Lab1_Stock_Clustering to None, run_after=None
[2026-03-14T15:54:35.096+0000] {processor.py:183} INFO - Processing /opt/airflow/dags/airflow.py took 1.633 seconds
[2026-03-14T15:55:05.212+0000] {processor.py:161} INFO - Started process (PID=156) to work on /opt/airflow/dags/airflow.py
[2026-03-14T15:55:05.213+0000] {processor.py:830} INFO - Processing file /opt/airflow/dags/airflow.py for tasks to queue
[2026-03-14T15:55:05.216+0000] {logging_mixin.py:188} INFO - [2026-03-14T15:55:05.215+0000] {dagbag.py:545} INFO - Filling up the DagBag from /opt/airflow/dags/airflow.py
[2026-03-14T15:55:06.565+0000] {processor.py:840} INFO - DAG(s) 'Airflow_Lab1_Stock_Clustering' retrieved from /opt/airflow/dags/airflow.py
[2026-03-14T15:55:06.603+0000] {logging_mixin.py:188} INFO - [2026-03-14T15:55:06.602+0000] {dag.py:3096} INFO - Sync 1 DAGs
[2026-03-14T15:55:06.614+0000] {logging_mixin.py:188} INFO - [2026-03-14T15:55:06.614+0000] {dag.py:3954} INFO - Setting next_dagrun for Airflow_Lab1_Stock_Clustering to None, run_after=None
[2026-03-14T15:55:06.636+0000] {processor.py:183} INFO - Processing /opt/airflow/dags/airflow.py took 1.434 seconds
[2026-03-14T15:55:36.950+0000] {processor.py:161} INFO - Started process (PID=172) to work on /opt/airflow/dags/airflow.py
[2026-03-14T15:55:36.951+0000] {processor.py:830} INFO - Processing file /opt/airflow/dags/airflow.py for tasks to queue
[2026-03-14T15:55:36.954+0000] {logging_mixin.py:188} INFO - [2026-03-14T15:55:36.953+0000] {dagbag.py:545} INFO - Filling up the DagBag from /opt/airflow/dags/airflow.py
[2026-03-14T15:55:38.132+0000] {processor.py:840} INFO - DAG(s) 'Airflow_Lab1_Stock_Clustering' retrieved from /opt/airflow/dags/airflow.py
[2026-03-14T15:55:38.154+0000] {logging_mixin.py:188} INFO - [2026-03-14T15:55:38.153+0000] {dag.py:3096} INFO - Sync 1 DAGs
[2026-03-14T15:55:38.162+0000] {logging_mixin.py:188} INFO - [2026-03-14T15:55:38.162+0000] {dag.py:3954} INFO - Setting next_dagrun for Airflow_Lab1_Stock_Clustering to None, run_after=None
[2026-03-14T15:55:38.185+0000] {processor.py:183} INFO - Processing /opt/airflow/dags/airflow.py took 1.242 seconds
[2026-03-14T15:56:08.526+0000] {processor.py:161} INFO - Started process (PID=188) to work on /opt/airflow/dags/airflow.py
[2026-03-14T15:56:08.529+0000] {processor.py:830} INFO - Processing file /opt/airflow/dags/airflow.py for tasks to queue
[2026-03-14T15:56:08.532+0000] {logging_mixin.py:188} INFO - [2026-03-14T15:56:08.532+0000] {dagbag.py:545} INFO - Filling up the DagBag from /opt/airflow/dags/airflow.py
[2026-03-14T15:56:09.860+0000] {processor.py:840} INFO - DAG(s) 'Airflow_Lab1_Stock_Clustering' retrieved from /opt/airflow/dags/airflow.py
[2026-03-14T15:56:09.885+0000] {logging_mixin.py:188} INFO - [2026-03-14T15:56:09.885+0000] {dag.py:3096} INFO - Sync 1 DAGs
[2026-03-14T15:56:09.894+0000] {logging_mixin.py:188} INFO - [2026-03-14T15:56:09.894+0000] {dag.py:3954} INFO - Setting next_dagrun for Airflow_Lab1_Stock_Clustering to None, run_after=None
[2026-03-14T15:56:09.916+0000] {processor.py:183} INFO - Processing /opt/airflow/dags/airflow.py took 1.399 seconds
[2026-03-14T15:56:40.234+0000] {processor.py:161} INFO - Started process (PID=204) to work on /opt/airflow/dags/airflow.py
[2026-03-14T15:56:40.235+0000] {processor.py:830} INFO - Processing file /opt/airflow/dags/airflow.py for tasks to queue
[2026-03-14T15:56:40.238+0000] {logging_mixin.py:188} INFO - [2026-03-14T15:56:40.237+0000] {dagbag.py:545} INFO - Filling up the DagBag from /opt/airflow/dags/airflow.py
[2026-03-14T15:56:41.381+0000] {processor.py:840} INFO - DAG(s) 'Airflow_Lab1_Stock_Clustering' retrieved from /opt/airflow/dags/airflow.py
[2026-03-14T15:56:41.405+0000] {logging_mixin.py:188} INFO - [2026-03-14T15:56:41.405+0000] {dag.py:3096} INFO - Sync 1 DAGs
[2026-03-14T15:56:41.416+0000] {logging_mixin.py:188} INFO - [2026-03-14T15:56:41.415+0000] {dag.py:3954} INFO - Setting next_dagrun for Airflow_Lab1_Stock_Clustering to None, run_after=None
[2026-03-14T15:56:41.438+0000] {processor.py:183} INFO - Processing /opt/airflow/dags/airflow.py took 1.211 seconds
[2026-03-14T15:57:11.516+0000] {processor.py:161} INFO - Started process (PID=220) to work on /opt/airflow/dags/airflow.py
[2026-03-14T15:57:11.517+0000] {processor.py:830} INFO - Processing file /opt/airflow/dags/airflow.py for tasks to queue
[2026-03-14T15:57:11.529+0000] {logging_mixin.py:188} INFO - [2026-03-14T15:57:11.528+0000] {dagbag.py:545} INFO - Filling up the DagBag from /opt/airflow/dags/airflow.py
[2026-03-14T15:57:13.233+0000] {processor.py:840} INFO - DAG(s) 'Airflow_Lab1_Stock_Clustering' retrieved from /opt/airflow/dags/airflow.py
[2026-03-14T15:57:13.255+0000] {logging_mixin.py:188} INFO - [2026-03-14T15:57:13.255+0000] {dag.py:3096} INFO - Sync 1 DAGs
[2026-03-14T15:57:13.268+0000] {logging_mixin.py:188} INFO - [2026-03-14T15:57:13.268+0000] {dag.py:3954} INFO - Setting next_dagrun for Airflow_Lab1_Stock_Clustering to None, run_after=None
[2026-03-14T15:57:13.292+0000] {processor.py:183} INFO - Processing /opt/airflow/dags/airflow.py took 1.783 seconds
[2026-03-14T15:57:43.621+0000] {processor.py:161} INFO - Started process (PID=236) to work on /opt/airflow/dags/airflow.py
[2026-03-14T15:57:43.622+0000] {processor.py:830} INFO - Processing file /opt/airflow/dags/airflow.py for tasks to queue
[2026-03-14T15:57:43.625+0000] {logging_mixin.py:188} INFO - [2026-03-14T15:57:43.625+0000] {dagbag.py:545} INFO - Filling up the DagBag from /opt/airflow/dags/airflow.py
[2026-03-14T15:57:44.860+0000] {processor.py:840} INFO - DAG(s) 'Airflow_Lab1_Stock_Clustering' retrieved from /opt/airflow/dags/airflow.py
[2026-03-14T15:57:44.885+0000] {logging_mixin.py:188} INFO - [2026-03-14T15:57:44.885+0000] {dag.py:3096} INFO - Sync 1 DAGs
[2026-03-14T15:57:44.894+0000] {logging_mixin.py:188} INFO - [2026-03-14T15:57:44.894+0000] {dag.py:3954} INFO - Setting next_dagrun for Airflow_Lab1_Stock_Clustering to None, run_after=None
[2026-03-14T15:57:44.917+0000] {processor.py:183} INFO - Processing /opt/airflow/dags/airflow.py took 1.306 seconds
[2026-03-14T15:58:15.001+0000] {processor.py:161} INFO - Started process (PID=252) to work on /opt/airflow/dags/airflow.py
[2026-03-14T15:58:15.003+0000] {processor.py:830} INFO - Processing file /opt/airflow/dags/airflow.py for tasks to queue
[2026-03-14T15:58:15.008+0000] {logging_mixin.py:188} INFO - [2026-03-14T15:58:15.007+0000] {dagbag.py:545} INFO - Filling up the DagBag from /opt/airflow/dags/airflow.py
[2026-03-14T15:58:16.321+0000] {processor.py:840} INFO - DAG(s) 'Airflow_Lab1_Stock_Clustering' retrieved from /opt/airflow/dags/airflow.py
[2026-03-14T15:58:16.345+0000] {logging_mixin.py:188} INFO - [2026-03-14T15:58:16.345+0000] {dag.py:3096} INFO - Sync 1 DAGs
[2026-03-14T15:58:16.353+0000] {logging_mixin.py:188} INFO - [2026-03-14T15:58:16.353+0000] {dag.py:3954} INFO - Setting next_dagrun for Airflow_Lab1_Stock_Clustering to None, run_after=None
[2026-03-14T15:58:16.376+0000] {processor.py:183} INFO - Processing /opt/airflow/dags/airflow.py took 1.382 seconds
[2026-03-14T15:58:46.662+0000] {processor.py:161} INFO - Started process (PID=268) to work on /opt/airflow/dags/airflow.py
[2026-03-14T15:58:46.664+0000] {processor.py:830} INFO - Processing file /opt/airflow/dags/airflow.py for tasks to queue
[2026-03-14T15:58:46.667+0000] {logging_mixin.py:188} INFO - [2026-03-14T15:58:46.666+0000] {dagbag.py:545} INFO - Filling up the DagBag from /opt/airflow/dags/airflow.py
[2026-03-14T15:58:48.070+0000] {processor.py:840} INFO - DAG(s) 'Airflow_Lab1_Stock_Clustering' retrieved from /opt/airflow/dags/airflow.py
[2026-03-14T15:58:48.102+0000] {logging_mixin.py:188} INFO - [2026-03-14T15:58:48.101+0000] {dag.py:3096} INFO - Sync 1 DAGs
[2026-03-14T15:58:48.114+0000] {logging_mixin.py:188} INFO - [2026-03-14T15:58:48.114+0000] {dag.py:3954} INFO - Setting next_dagrun for Airflow_Lab1_Stock_Clustering to None, run_after=None
[2026-03-14T15:58:48.167+0000] {processor.py:183} INFO - Processing /opt/airflow/dags/airflow.py took 1.510 seconds
[2026-03-14T15:59:18.501+0000] {processor.py:161} INFO - Started process (PID=290) to work on /opt/airflow/dags/airflow.py
[2026-03-14T15:59:18.503+0000] {processor.py:830} INFO - Processing file /opt/airflow/dags/airflow.py for tasks to queue
[2026-03-14T15:59:18.507+0000] {logging_mixin.py:188} INFO - [2026-03-14T15:59:18.505+0000] {dagbag.py:545} INFO - Filling up the DagBag from /opt/airflow/dags/airflow.py
[2026-03-14T15:59:19.879+0000] {processor.py:840} INFO - DAG(s) 'Airflow_Lab1_Stock_Clustering' retrieved from /opt/airflow/dags/airflow.py
[2026-03-14T15:59:19.914+0000] {logging_mixin.py:188} INFO - [2026-03-14T15:59:19.913+0000] {dag.py:3096} INFO - Sync 1 DAGs
[2026-03-14T15:59:19.930+0000] {logging_mixin.py:188} INFO - [2026-03-14T15:59:19.928+0000] {dag.py:3954} INFO - Setting next_dagrun for Airflow_Lab1_Stock_Clustering to None, run_after=None
[2026-03-14T15:59:19.964+0000] {processor.py:183} INFO - Processing /opt/airflow/dags/airflow.py took 1.484 seconds
[2026-03-14T15:59:50.214+0000] {processor.py:161} INFO - Started process (PID=306) to work on /opt/airflow/dags/airflow.py
[2026-03-14T15:59:50.216+0000] {processor.py:830} INFO - Processing file /opt/airflow/dags/airflow.py for tasks to queue
[2026-03-14T15:59:50.218+0000] {logging_mixin.py:188} INFO - [2026-03-14T15:59:50.218+0000] {dagbag.py:545} INFO - Filling up the DagBag from /opt/airflow/dags/airflow.py
[2026-03-14T15:59:52.024+0000] {processor.py:840} INFO - DAG(s) 'Airflow_Lab1_Stock_Clustering' retrieved from /opt/airflow/dags/airflow.py
[2026-03-14T15:59:52.080+0000] {logging_mixin.py:188} INFO - [2026-03-14T15:59:52.079+0000] {dag.py:3096} INFO - Sync 1 DAGs
[2026-03-14T15:59:52.109+0000] {logging_mixin.py:188} INFO - [2026-03-14T15:59:52.108+0000] {dag.py:3954} INFO - Setting next_dagrun for Airflow_Lab1_Stock_Clustering to None, run_after=None
[2026-03-14T15:59:52.171+0000] {processor.py:183} INFO - Processing /opt/airflow/dags/airflow.py took 1.964 seconds
[2026-03-14T16:00:22.511+0000] {processor.py:161} INFO - Started process (PID=322) to work on /opt/airflow/dags/airflow.py
[2026-03-14T16:00:22.513+0000] {processor.py:830} INFO - Processing file /opt/airflow/dags/airflow.py for tasks to queue
[2026-03-14T16:00:22.515+0000] {logging_mixin.py:188} INFO - [2026-03-14T16:00:22.515+0000] {dagbag.py:545} INFO - Filling up the DagBag from /opt/airflow/dags/airflow.py
[2026-03-14T16:00:24.131+0000] {processor.py:840} INFO - DAG(s) 'Airflow_Lab1_Stock_Clustering' retrieved from /opt/airflow/dags/airflow.py
[2026-03-14T16:00:24.162+0000] {logging_mixin.py:188} INFO - [2026-03-14T16:00:24.161+0000] {dag.py:3096} INFO - Sync 1 DAGs
[2026-03-14T16:00:24.171+0000] {logging_mixin.py:188} INFO - [2026-03-14T16:00:24.171+0000] {dag.py:3954} INFO - Setting next_dagrun for Airflow_Lab1_Stock_Clustering to None, run_after=None
[2026-03-14T16:00:24.192+0000] {processor.py:183} INFO - Processing /opt/airflow/dags/airflow.py took 1.690 seconds
[2026-03-14T16:00:54.488+0000] {processor.py:161} INFO - Started process (PID=338) to work on /opt/airflow/dags/airflow.py
[2026-03-14T16:00:54.489+0000] {processor.py:830} INFO - Processing file /opt/airflow/dags/airflow.py for tasks to queue
[2026-03-14T16:00:54.492+0000] {logging_mixin.py:188} INFO - [2026-03-14T16:00:54.491+0000] {dagbag.py:545} INFO - Filling up the DagBag from /opt/airflow/dags/airflow.py
[2026-03-14T16:00:56.026+0000] {processor.py:840} INFO - DAG(s) 'Airflow_Lab1_Stock_Clustering' retrieved from /opt/airflow/dags/airflow.py
[2026-03-14T16:00:56.056+0000] {logging_mixin.py:188} INFO - [2026-03-14T16:00:56.056+0000] {dag.py:3096} INFO - Sync 1 DAGs
[2026-03-14T16:00:56.065+0000] {logging_mixin.py:188} INFO - [2026-03-14T16:00:56.065+0000] {dag.py:3954} INFO - Setting next_dagrun for Airflow_Lab1_Stock_Clustering to None, run_after=None
[2026-03-14T16:00:56.087+0000] {processor.py:183} INFO - Processing /opt/airflow/dags/airflow.py took 1.606 seconds
[2026-03-14T16:01:26.410+0000] {processor.py:161} INFO - Started process (PID=354) to work on /opt/airflow/dags/airflow.py
[2026-03-14T16:01:26.411+0000] {processor.py:830} INFO - Processing file /opt/airflow/dags/airflow.py for tasks to queue
[2026-03-14T16:01:26.413+0000] {logging_mixin.py:188} INFO - [2026-03-14T16:01:26.413+0000] {dagbag.py:545} INFO - Filling up the DagBag from /opt/airflow/dags/airflow.py
[2026-03-14T16:01:27.547+0000] {processor.py:840} INFO - DAG(s) 'Airflow_Lab1_Stock_Clustering' retrieved from /opt/airflow/dags/airflow.py
[2026-03-14T16:01:27.570+0000] {logging_mixin.py:188} INFO - [2026-03-14T16:01:27.570+0000] {dag.py:3096} INFO - Sync 1 DAGs
[2026-03-14T16:01:27.579+0000] {logging_mixin.py:188} INFO - [2026-03-14T16:01:27.579+0000] {dag.py:3954} INFO - Setting next_dagrun for Airflow_Lab1_Stock_Clustering to None, run_after=None
[2026-03-14T16:01:27.597+0000] {processor.py:183} INFO - Processing /opt/airflow/dags/airflow.py took 1.192 seconds
[2026-03-14T16:01:57.754+0000] {processor.py:161} INFO - Started process (PID=370) to work on /opt/airflow/dags/airflow.py
[2026-03-14T16:01:57.755+0000] {processor.py:830} INFO - Processing file /opt/airflow/dags/airflow.py for tasks to queue
[2026-03-14T16:01:57.758+0000] {logging_mixin.py:188} INFO - [2026-03-14T16:01:57.758+0000] {dagbag.py:545} INFO - Filling up the DagBag from /opt/airflow/dags/airflow.py
[2026-03-14T16:01:59.177+0000] {processor.py:840} INFO - DAG(s) 'Airflow_Lab1_Stock_Clustering' retrieved from /opt/airflow/dags/airflow.py
[2026-03-14T16:01:59.200+0000] {logging_mixin.py:188} INFO - [2026-03-14T16:01:59.200+0000] {dag.py:3096} INFO - Sync 1 DAGs
[2026-03-14T16:01:59.210+0000] {logging_mixin.py:188} INFO - [2026-03-14T16:01:59.209+0000] {dag.py:3954} INFO - Setting next_dagrun for Airflow_Lab1_Stock_Clustering to None, run_after=None
[2026-03-14T16:01:59.235+0000] {processor.py:183} INFO - Processing /opt/airflow/dags/airflow.py took 1.488 seconds
[2026-03-14T16:02:29.559+0000] {processor.py:161} INFO - Started process (PID=386) to work on /opt/airflow/dags/airflow.py
[2026-03-14T16:02:29.561+0000] {processor.py:830} INFO - Processing file /opt/airflow/dags/airflow.py for tasks to queue
[2026-03-14T16:02:29.563+0000] {logging_mixin.py:188} INFO - [2026-03-14T16:02:29.563+0000] {dagbag.py:545} INFO - Filling up the DagBag from /opt/airflow/dags/airflow.py
[2026-03-14T16:02:30.690+0000] {processor.py:840} INFO - DAG(s) 'Airflow_Lab1_Stock_Clustering' retrieved from /opt/airflow/dags/airflow.py
[2026-03-14T16:02:30.713+0000] {logging_mixin.py:188} INFO - [2026-03-14T16:02:30.713+0000] {dag.py:3096} INFO - Sync 1 DAGs
[2026-03-14T16:02:30.723+0000] {logging_mixin.py:188} INFO - [2026-03-14T16:02:30.722+0000] {dag.py:3954} INFO - Setting next_dagrun for Airflow_Lab1_Stock_Clustering to None, run_after=None
[2026-03-14T16:02:30.745+0000] {processor.py:183} INFO - Processing /opt/airflow/dags/airflow.py took 1.192 seconds
[2026-03-14T16:03:00.914+0000] {processor.py:161} INFO - Started process (PID=402) to work on /opt/airflow/dags/airflow.py
[2026-03-14T16:03:00.916+0000] {processor.py:830} INFO - Processing file /opt/airflow/dags/airflow.py for tasks to queue
[2026-03-14T16:03:00.919+0000] {logging_mixin.py:188} INFO - [2026-03-14T16:03:00.918+0000] {dagbag.py:545} INFO - Filling up the DagBag from /opt/airflow/dags/airflow.py
[2026-03-14T16:03:02.626+0000] {processor.py:840} INFO - DAG(s) 'Airflow_Lab1_Stock_Clustering' retrieved from /opt/airflow/dags/airflow.py
[2026-03-14T16:03:02.662+0000] {logging_mixin.py:188} INFO - [2026-03-14T16:03:02.662+0000] {dag.py:3096} INFO - Sync 1 DAGs
[2026-03-14T16:03:02.673+0000] {logging_mixin.py:188} INFO - [2026-03-14T16:03:02.673+0000] {dag.py:3954} INFO - Setting next_dagrun for Airflow_Lab1_Stock_Clustering to None, run_after=None
[2026-03-14T16:03:02.694+0000] {processor.py:183} INFO - Processing /opt/airflow/dags/airflow.py took 1.787 seconds
[2026-03-14T16:03:33.040+0000] {processor.py:161} INFO - Started process (PID=418) to work on /opt/airflow/dags/airflow.py
[2026-03-14T16:03:33.043+0000] {processor.py:830} INFO - Processing file /opt/airflow/dags/airflow.py for tasks to queue
[2026-03-14T16:03:33.046+0000] {logging_mixin.py:188} INFO - [2026-03-14T16:03:33.046+0000] {dagbag.py:545} INFO - Filling up the DagBag from /opt/airflow/dags/airflow.py
[2026-03-14T16:03:34.923+0000] {processor.py:840} INFO - DAG(s) 'Airflow_Lab1_Stock_Clustering' retrieved from /opt/airflow/dags/airflow.py
[2026-03-14T16:03:34.952+0000] {logging_mixin.py:188} INFO - [2026-03-14T16:03:34.951+0000] {dag.py:3096} INFO - Sync 1 DAGs
[2026-03-14T16:03:34.963+0000] {logging_mixin.py:188} INFO - [2026-03-14T16:03:34.962+0000] {dag.py:3954} INFO - Setting next_dagrun for Airflow_Lab1_Stock_Clustering to None, run_after=None
[2026-03-14T16:03:34.986+0000] {processor.py:183} INFO - Processing /opt/airflow/dags/airflow.py took 1.962 seconds
[2026-03-14T16:04:05.325+0000] {processor.py:161} INFO - Started process (PID=434) to work on /opt/airflow/dags/airflow.py
[2026-03-14T16:04:05.326+0000] {processor.py:830} INFO - Processing file /opt/airflow/dags/airflow.py for tasks to queue
[2026-03-14T16:04:05.329+0000] {logging_mixin.py:188} INFO - [2026-03-14T16:04:05.329+0000] {dagbag.py:545} INFO - Filling up the DagBag from /opt/airflow/dags/airflow.py
[2026-03-14T16:04:06.615+0000] {processor.py:840} INFO - DAG(s) 'Airflow_Lab1_Stock_Clustering' retrieved from /opt/airflow/dags/airflow.py
[2026-03-14T16:04:06.640+0000] {logging_mixin.py:188} INFO - [2026-03-14T16:04:06.639+0000] {dag.py:3096} INFO - Sync 1 DAGs
[2026-03-14T16:04:06.648+0000] {logging_mixin.py:188} INFO - [2026-03-14T16:04:06.648+0000] {dag.py:3954} INFO - Setting next_dagrun for Airflow_Lab1_Stock_Clustering to None, run_after=None
[2026-03-14T16:04:06.671+0000] {processor.py:183} INFO - Processing /opt/airflow/dags/airflow.py took 1.353 seconds
[2026-03-14T16:04:37.043+0000] {processor.py:161} INFO - Started process (PID=450) to work on /opt/airflow/dags/airflow.py
[2026-03-14T16:04:37.044+0000] {processor.py:830} INFO - Processing file /opt/airflow/dags/airflow.py for tasks to queue
[2026-03-14T16:04:37.046+0000] {logging_mixin.py:188} INFO - [2026-03-14T16:04:37.046+0000] {dagbag.py:545} INFO - Filling up the DagBag from /opt/airflow/dags/airflow.py
[2026-03-14T16:04:38.282+0000] {processor.py:840} INFO - DAG(s) 'Airflow_Lab1_Stock_Clustering' retrieved from /opt/airflow/dags/airflow.py
[2026-03-14T16:04:38.304+0000] {logging_mixin.py:188} INFO - [2026-03-14T16:04:38.304+0000] {dag.py:3096} INFO - Sync 1 DAGs
[2026-03-14T16:04:38.312+0000] {logging_mixin.py:188} INFO - [2026-03-14T16:04:38.312+0000] {dag.py:3954} INFO - Setting next_dagrun for Airflow_Lab1_Stock_Clustering to None, run_after=None
[2026-03-14T16:04:38.332+0000] {processor.py:183} INFO - Processing /opt/airflow/dags/airflow.py took 1.295 seconds
[2026-03-14T16:05:08.676+0000] {processor.py:161} INFO - Started process (PID=467) to work on /opt/airflow/dags/airflow.py
[2026-03-14T16:05:08.677+0000] {processor.py:830} INFO - Processing file /opt/airflow/dags/airflow.py for tasks to queue
[2026-03-14T16:05:08.680+0000] {logging_mixin.py:188} INFO - [2026-03-14T16:05:08.679+0000] {dagbag.py:545} INFO - Filling up the DagBag from /opt/airflow/dags/airflow.py
[2026-03-14T16:05:09.910+0000] {processor.py:840} INFO - DAG(s) 'Airflow_Lab1_Stock_Clustering' retrieved from /opt/airflow/dags/airflow.py
[2026-03-14T16:05:09.933+0000] {logging_mixin.py:188} INFO - [2026-03-14T16:05:09.933+0000] {dag.py:3096} INFO - Sync 1 DAGs
[2026-03-14T16:05:09.943+0000] {logging_mixin.py:188} INFO - [2026-03-14T16:05:09.943+0000] {dag.py:3954} INFO - Setting next_dagrun for Airflow_Lab1_Stock_Clustering to None, run_after=None
[2026-03-14T16:05:09.968+0000] {processor.py:183} INFO - Processing /opt/airflow/dags/airflow.py took 1.297 seconds
[2026-03-14T16:05:40.269+0000] {processor.py:161} INFO - Started process (PID=483) to work on /opt/airflow/dags/airflow.py
[2026-03-14T16:05:40.270+0000] {processor.py:830} INFO - Processing file /opt/airflow/dags/airflow.py for tasks to queue
[2026-03-14T16:05:40.273+0000] {logging_mixin.py:188} INFO - [2026-03-14T16:05:40.272+0000] {dagbag.py:545} INFO - Filling up the DagBag from /opt/airflow/dags/airflow.py
[2026-03-14T16:05:41.433+0000] {processor.py:840} INFO - DAG(s) 'Airflow_Lab1_Stock_Clustering' retrieved from /opt/airflow/dags/airflow.py
[2026-03-14T16:05:41.456+0000] {logging_mixin.py:188} INFO - [2026-03-14T16:05:41.456+0000] {dag.py:3096} INFO - Sync 1 DAGs
[2026-03-14T16:05:41.466+0000] {logging_mixin.py:188} INFO - [2026-03-14T16:05:41.466+0000] {dag.py:3954} INFO - Setting next_dagrun for Airflow_Lab1_Stock_Clustering to None, run_after=None
[2026-03-14T16:05:41.488+0000] {processor.py:183} INFO - Processing /opt/airflow/dags/airflow.py took 1.225 seconds
[2026-03-14T16:06:11.563+0000] {processor.py:161} INFO - Started process (PID=499) to work on /opt/airflow/dags/airflow.py
[2026-03-14T16:06:11.565+0000] {processor.py:830} INFO - Processing file /opt/airflow/dags/airflow.py for tasks to queue
[2026-03-14T16:06:11.567+0000] {logging_mixin.py:188} INFO - [2026-03-14T16:06:11.567+0000] {dagbag.py:545} INFO - Filling up the DagBag from /opt/airflow/dags/airflow.py
[2026-03-14T16:06:12.737+0000] {processor.py:840} INFO - DAG(s) 'Airflow_Lab1_Stock_Clustering' retrieved from /opt/airflow/dags/airflow.py
[2026-03-14T16:06:12.759+0000] {logging_mixin.py:188} INFO - [2026-03-14T16:06:12.759+0000] {dag.py:3096} INFO - Sync 1 DAGs
[2026-03-14T16:06:12.769+0000] {logging_mixin.py:188} INFO - [2026-03-14T16:06:12.769+0000] {dag.py:3954} INFO - Setting next_dagrun for Airflow_Lab1_Stock_Clustering to None, run_after=None
[2026-03-14T16:06:12.789+0000] {processor.py:183} INFO - Processing /opt/airflow/dags/airflow.py took 1.232 seconds
[2026-03-14T16:06:43.118+0000] {processor.py:161} INFO - Started process (PID=515) to work on /opt/airflow/dags/airflow.py
[2026-03-14T16:06:43.120+0000] {processor.py:830} INFO - Processing file /opt/airflow/dags/airflow.py for tasks to queue
[2026-03-14T16:06:43.124+0000] {logging_mixin.py:188} INFO - [2026-03-14T16:06:43.123+0000] {dagbag.py:545} INFO - Filling up the DagBag from /opt/airflow/dags/airflow.py
[2026-03-14T16:06:44.845+0000] {processor.py:840} INFO - DAG(s) 'Airflow_Lab1_Stock_Clustering' retrieved from /opt/airflow/dags/airflow.py
[2026-03-14T16:06:44.870+0000] {logging_mixin.py:188} INFO - [2026-03-14T16:06:44.869+0000] {dag.py:3096} INFO - Sync 1 DAGs
[2026-03-14T16:06:44.878+0000] {logging_mixin.py:188} INFO - [2026-03-14T16:06:44.878+0000] {dag.py:3954} INFO - Setting next_dagrun for Airflow_Lab1_Stock_Clustering to None, run_after=None
[2026-03-14T16:06:44.902+0000] {processor.py:183} INFO - Processing /opt/airflow/dags/airflow.py took 1.793 seconds
[2026-03-14T16:07:15.254+0000] {processor.py:161} INFO - Started process (PID=531) to work on /opt/airflow/dags/airflow.py
[2026-03-14T16:07:15.255+0000] {processor.py:830} INFO - Processing file /opt/airflow/dags/airflow.py for tasks to queue
[2026-03-14T16:07:15.258+0000] {logging_mixin.py:188} INFO - [2026-03-14T16:07:15.258+0000] {dagbag.py:545} INFO - Filling up the DagBag from /opt/airflow/dags/airflow.py
[2026-03-14T16:07:16.583+0000] {processor.py:840} INFO - DAG(s) 'Airflow_Lab1_Stock_Clustering' retrieved from /opt/airflow/dags/airflow.py
[2026-03-14T16:07:16.608+0000] {logging_mixin.py:188} INFO - [2026-03-14T16:07:16.607+0000] {dag.py:3096} INFO - Sync 1 DAGs
[2026-03-14T16:07:16.617+0000] {logging_mixin.py:188} INFO - [2026-03-14T16:07:16.617+0000] {dag.py:3954} INFO - Setting next_dagrun for Airflow_Lab1_Stock_Clustering to None, run_after=None
[2026-03-14T16:07:16.641+0000] {processor.py:183} INFO - Processing /opt/airflow/dags/airflow.py took 1.397 seconds
