[2026-03-14T15:33:25.134+0000] {manager.py:470} INFO - Processing files using up to 2 processes at a time 
[2026-03-14T15:33:25.136+0000] {manager.py:471} INFO - Process each file at most once every 30 seconds
[2026-03-14T15:33:25.137+0000] {manager.py:472} INFO - Checking for new files in /opt/airflow/dags every 300 seconds
[2026-03-14T15:33:25.139+0000] {manager.py:737} INFO - Searching for files in /opt/airflow/dags
[2026-03-14T15:33:25.260+0000] {manager.py:740} INFO - There are 1 files in /opt/airflow/dags
[2026-03-14T15:33:25.374+0000] {manager.py:878} INFO - 
================================================================================
DAG File Processing Stats

File Path                       PID  Runtime      # DAGs    # Errors  Last Runtime    Last Run
----------------------------  -----  ---------  --------  ----------  --------------  ----------
/opt/airflow/dags/airflow.py     87  0.07s             0           0
================================================================================
[2026-03-14T15:33:55.616+0000] {manager.py:878} INFO - 
================================================================================
DAG File Processing Stats

File Path                       PID  Runtime      # DAGs    # Errors  Last Runtime    Last Run
----------------------------  -----  ---------  --------  ----------  --------------  -------------------
/opt/airflow/dags/airflow.py     94  0.01s             0           1  0.11s           2026-03-14T15:33:25
================================================================================
[2026-03-14T15:34:25.929+0000] {manager.py:878} INFO - 
================================================================================
DAG File Processing Stats

File Path                       PID  Runtime      # DAGs    # Errors  Last Runtime    Last Run
----------------------------  -----  ---------  --------  ----------  --------------  -------------------
/opt/airflow/dags/airflow.py    101  0.01s             0           1  0.08s           2026-03-14T15:33:55
================================================================================
[2026-03-14T15:34:56.225+0000] {manager.py:878} INFO - 
================================================================================
DAG File Processing Stats

File Path                       PID  Runtime      # DAGs    # Errors  Last Runtime    Last Run
----------------------------  -----  ---------  --------  ----------  --------------  -------------------
/opt/airflow/dags/airflow.py    108  0.01s             0           1  0.11s           2026-03-14T15:34:26
================================================================================
[2026-03-14T15:35:26.541+0000] {manager.py:878} INFO - 
================================================================================
DAG File Processing Stats

File Path                       PID  Runtime      # DAGs    # Errors  Last Runtime    Last Run
----------------------------  -----  ---------  --------  ----------  --------------  -------------------
/opt/airflow/dags/airflow.py    115  0.01s             0           1  0.08s           2026-03-14T15:34:56
================================================================================
[2026-03-14T15:35:56.845+0000] {manager.py:878} INFO - 
================================================================================
DAG File Processing Stats

File Path                       PID  Runtime      # DAGs    # Errors  Last Runtime    Last Run
----------------------------  -----  ---------  --------  ----------  --------------  -------------------
/opt/airflow/dags/airflow.py    122  0.01s             0           1  0.11s           2026-03-14T15:35:26
================================================================================
[2026-03-14T15:36:27.140+0000] {manager.py:878} INFO - 
================================================================================
DAG File Processing Stats

File Path                       PID  Runtime      # DAGs    # Errors  Last Runtime    Last Run
----------------------------  -----  ---------  --------  ----------  --------------  -------------------
/opt/airflow/dags/airflow.py    129  0.01s             0           1  0.09s           2026-03-14T15:35:56
================================================================================
[2026-03-14T15:36:57.481+0000] {manager.py:878} INFO - 
================================================================================
DAG File Processing Stats

File Path                       PID  Runtime      # DAGs    # Errors  Last Runtime    Last Run
----------------------------  -----  ---------  --------  ----------  --------------  -------------------
/opt/airflow/dags/airflow.py    136  0.01s             0           1  0.12s           2026-03-14T15:36:27
================================================================================
[2026-03-14T15:37:27.788+0000] {manager.py:878} INFO - 
================================================================================
DAG File Processing Stats

File Path                       PID  Runtime      # DAGs    # Errors  Last Runtime    Last Run
----------------------------  -----  ---------  --------  ----------  --------------  -------------------
/opt/airflow/dags/airflow.py    143  0.01s             0           1  0.09s           2026-03-14T15:36:57
================================================================================
[2026-03-14T15:37:58.083+0000] {manager.py:878} INFO - 
================================================================================
DAG File Processing Stats

File Path                       PID  Runtime      # DAGs    # Errors  Last Runtime    Last Run
----------------------------  -----  ---------  --------  ----------  --------------  -------------------
/opt/airflow/dags/airflow.py    150  0.01s             0           1  0.08s           2026-03-14T15:37:27
================================================================================
[2026-03-14T15:38:25.411+0000] {manager.py:737} INFO - Searching for files in /opt/airflow/dags
[2026-03-14T15:38:25.527+0000] {manager.py:740} INFO - There are 1 files in /opt/airflow/dags
[2026-03-14T15:38:28.173+0000] {manager.py:878} INFO - 
================================================================================
DAG File Processing Stats

File Path                     PID    Runtime      # DAGs    # Errors  Last Runtime    Last Run
----------------------------  -----  ---------  --------  ----------  --------------  -------------------
/opt/airflow/dags/airflow.py                           0           1  4.77s           2026-03-14T15:38:06
================================================================================
[2026-03-14T15:38:58.859+0000] {manager.py:878} INFO - 
================================================================================
DAG File Processing Stats

File Path                     PID    Runtime      # DAGs    # Errors  Last Runtime    Last Run
----------------------------  -----  ---------  --------  ----------  --------------  -------------------
/opt/airflow/dags/airflow.py                           0           1  1.38s           2026-03-14T15:38:38
================================================================================
[2026-03-14T15:39:29.573+0000] {manager.py:878} INFO - 
================================================================================
DAG File Processing Stats

File Path                     PID    Runtime      # DAGs    # Errors  Last Runtime    Last Run
----------------------------  -----  ---------  --------  ----------  --------------  -------------------
/opt/airflow/dags/airflow.py                           0           1  1.58s           2026-03-14T15:39:21
================================================================================
[2026-03-14T15:40:00.000+0000] {manager.py:878} INFO - 
================================================================================
DAG File Processing Stats

File Path                     PID    Runtime      # DAGs    # Errors  Last Runtime    Last Run
----------------------------  -----  ---------  --------  ----------  --------------  -------------------
/opt/airflow/dags/airflow.py                           0           1  1.43s           2026-03-14T15:39:53
================================================================================
[2026-03-14T15:40:30.489+0000] {manager.py:878} INFO - 
================================================================================
DAG File Processing Stats

File Path                     PID    Runtime      # DAGs    # Errors  Last Runtime    Last Run
----------------------------  -----  ---------  --------  ----------  --------------  -------------------
/opt/airflow/dags/airflow.py                           1           0  3.13s           2026-03-14T15:40:26
================================================================================
[2026-03-14T15:41:00.816+0000] {manager.py:878} INFO - 
================================================================================
DAG File Processing Stats

File Path                     PID    Runtime      # DAGs    # Errors  Last Runtime    Last Run
----------------------------  -----  ---------  --------  ----------  --------------  -------------------
/opt/airflow/dags/airflow.py                           1           0  1.34s           2026-03-14T15:40:58
================================================================================
[2026-03-14T15:41:30.872+0000] {manager.py:878} INFO - 
================================================================================
DAG File Processing Stats

File Path                     PID    Runtime      # DAGs    # Errors  Last Runtime    Last Run
----------------------------  -----  ---------  --------  ----------  --------------  -------------------
/opt/airflow/dags/airflow.py                           1           0  1.40s           2026-03-14T15:41:20
================================================================================
[2026-03-14T15:42:01.126+0000] {manager.py:878} INFO - 
================================================================================
DAG File Processing Stats

File Path                     PID    Runtime      # DAGs    # Errors  Last Runtime    Last Run
----------------------------  -----  ---------  --------  ----------  --------------  -------------------
/opt/airflow/dags/airflow.py                           1           0  2.38s           2026-03-14T15:41:53
================================================================================
[2026-03-14T15:42:31.789+0000] {manager.py:878} INFO - 
================================================================================
DAG File Processing Stats

File Path                     PID    Runtime      # DAGs    # Errors  Last Runtime    Last Run
----------------------------  -----  ---------  --------  ----------  --------------  -------------------
/opt/airflow/dags/airflow.py                           1           0  2.19s           2026-03-14T15:42:25
================================================================================
[2026-03-14T15:43:02.203+0000] {manager.py:878} INFO - 
================================================================================
DAG File Processing Stats

File Path                     PID    Runtime      # DAGs    # Errors  Last Runtime    Last Run
----------------------------  -----  ---------  --------  ----------  --------------  -------------------
/opt/airflow/dags/airflow.py                           1           0  2.37s           2026-03-14T15:42:58
================================================================================
[2026-03-14T15:43:25.427+0000] {manager.py:737} INFO - Searching for files in /opt/airflow/dags
[2026-03-14T15:43:25.501+0000] {manager.py:740} INFO - There are 1 files in /opt/airflow/dags
[2026-03-14T15:43:32.701+0000] {manager.py:878} INFO - 
================================================================================
DAG File Processing Stats

File Path                     PID    Runtime      # DAGs    # Errors  Last Runtime    Last Run
----------------------------  -----  ---------  --------  ----------  --------------  -------------------
/opt/airflow/dags/airflow.py                           1           0  1.68s           2026-03-14T15:43:26
================================================================================
[2026-03-14T15:44:02.826+0000] {manager.py:878} INFO - 
================================================================================
DAG File Processing Stats

File Path                     PID    Runtime      # DAGs    # Errors  Last Runtime    Last Run
----------------------------  -----  ---------  --------  ----------  --------------  -------------------
/opt/airflow/dags/airflow.py                           1           0  1.41s           2026-03-14T15:43:57
================================================================================
[2026-03-14T15:44:33.137+0000] {manager.py:878} INFO - 
================================================================================
DAG File Processing Stats

File Path                     PID    Runtime      # DAGs    # Errors  Last Runtime    Last Run
----------------------------  -----  ---------  --------  ----------  --------------  -------------------
/opt/airflow/dags/airflow.py                           1           0  2.31s           2026-03-14T15:44:30
================================================================================
[2026-03-14T15:45:03.661+0000] {manager.py:878} INFO - 
================================================================================
DAG File Processing Stats

File Path                     PID    Runtime      # DAGs    # Errors  Last Runtime    Last Run
----------------------------  -----  ---------  --------  ----------  --------------  -------------------
/opt/airflow/dags/airflow.py                           1           0  2.03s           2026-03-14T15:45:02
================================================================================
[2026-03-14T15:45:33.949+0000] {manager.py:878} INFO - 
================================================================================
DAG File Processing Stats

File Path                       PID  Runtime      # DAGs    # Errors  Last Runtime    Last Run
----------------------------  -----  ---------  --------  ----------  --------------  -------------------
/opt/airflow/dags/airflow.py    407  1.01s             1           0  2.03s           2026-03-14T15:45:02
================================================================================
[2026-03-14T15:46:04.204+0000] {manager.py:878} INFO - 
================================================================================
DAG File Processing Stats

File Path                     PID    Runtime      # DAGs    # Errors  Last Runtime    Last Run
----------------------------  -----  ---------  --------  ----------  --------------  -------------------
/opt/airflow/dags/airflow.py                           1           0  1.56s           2026-03-14T15:45:34
================================================================================
[2026-03-14T15:46:34.470+0000] {manager.py:878} INFO - 
================================================================================
DAG File Processing Stats

File Path                     PID    Runtime      # DAGs    # Errors  Last Runtime    Last Run
----------------------------  -----  ---------  --------  ----------  --------------  -------------------
/opt/airflow/dags/airflow.py                           1           0  1.52s           2026-03-14T15:46:06
================================================================================
[2026-03-14T15:47:04.747+0000] {manager.py:878} INFO - 
================================================================================
DAG File Processing Stats

File Path                     PID    Runtime      # DAGs    # Errors  Last Runtime    Last Run
----------------------------  -----  ---------  --------  ----------  --------------  -------------------
/opt/airflow/dags/airflow.py                           1           0  2.28s           2026-03-14T15:46:38
================================================================================
[2026-03-14T15:47:34.879+0000] {manager.py:878} INFO - 
================================================================================
DAG File Processing Stats

File Path                     PID    Runtime      # DAGs    # Errors  Last Runtime    Last Run
----------------------------  -----  ---------  --------  ----------  --------------  -------------------
/opt/airflow/dags/airflow.py                           1           0  1.61s           2026-03-14T15:47:10
================================================================================
[2026-03-14T15:48:05.501+0000] {manager.py:878} INFO - 
================================================================================
DAG File Processing Stats

File Path                     PID    Runtime      # DAGs    # Errors  Last Runtime    Last Run
----------------------------  -----  ---------  --------  ----------  --------------  -------------------
/opt/airflow/dags/airflow.py                           1           0  1.64s           2026-03-14T15:47:42
================================================================================
[2026-03-14T15:48:25.547+0000] {manager.py:737} INFO - Searching for files in /opt/airflow/dags
[2026-03-14T15:48:25.686+0000] {manager.py:740} INFO - There are 1 files in /opt/airflow/dags
[2026-03-14T15:48:35.777+0000] {manager.py:878} INFO - 
================================================================================
DAG File Processing Stats

File Path                     PID    Runtime      # DAGs    # Errors  Last Runtime    Last Run
----------------------------  -----  ---------  --------  ----------  --------------  -------------------
/opt/airflow/dags/airflow.py                           1           0  2.65s           2026-03-14T15:48:15
================================================================================
[2026-03-14T15:49:06.261+0000] {manager.py:878} INFO - 
================================================================================
DAG File Processing Stats

File Path                     PID    Runtime      # DAGs    # Errors  Last Runtime    Last Run
----------------------------  -----  ---------  --------  ----------  --------------  -------------------
/opt/airflow/dags/airflow.py                           1           0  2.34s           2026-03-14T15:48:48
================================================================================
[2026-03-14T15:49:36.639+0000] {manager.py:878} INFO - 
================================================================================
DAG File Processing Stats

File Path                     PID    Runtime      # DAGs    # Errors  Last Runtime    Last Run
----------------------------  -----  ---------  --------  ----------  --------------  -------------------
/opt/airflow/dags/airflow.py                           1           0  1.66s           2026-03-14T15:49:20
================================================================================
[2026-03-14T15:50:06.820+0000] {manager.py:878} INFO - 
================================================================================
DAG File Processing Stats

File Path                     PID    Runtime      # DAGs    # Errors  Last Runtime    Last Run
----------------------------  -----  ---------  --------  ----------  --------------  -------------------
/opt/airflow/dags/airflow.py                           1           0  2.24s           2026-03-14T15:49:52
================================================================================
[2026-03-14T15:50:37.065+0000] {manager.py:878} INFO - 
================================================================================
DAG File Processing Stats

File Path                     PID    Runtime      # DAGs    # Errors  Last Runtime    Last Run
----------------------------  -----  ---------  --------  ----------  --------------  -------------------
/opt/airflow/dags/airflow.py                           1           0  1.39s           2026-03-14T15:50:24
================================================================================
[2026-03-14T15:51:07.505+0000] {manager.py:878} INFO - 
================================================================================
DAG File Processing Stats

File Path                     PID    Runtime      # DAGs    # Errors  Last Runtime    Last Run
----------------------------  -----  ---------  --------  ----------  --------------  -------------------
/opt/airflow/dags/airflow.py                           1           0  1.44s           2026-03-14T15:50:55
================================================================================
[2026-03-14T15:51:09.917+0000] {manager.py:452} INFO - Exiting gracefully upon receiving signal 15
[2026-03-14T15:52:48.571+0000] {manager.py:470} INFO - Processing files using up to 2 processes at a time 
[2026-03-14T15:52:48.573+0000] {manager.py:471} INFO - Process each file at most once every 30 seconds
[2026-03-14T15:52:48.575+0000] {manager.py:472} INFO - Checking for new files in /opt/airflow/dags every 300 seconds
[2026-03-14T15:52:48.576+0000] {manager.py:737} INFO - Searching for files in /opt/airflow/dags
[2026-03-14T15:52:48.692+0000] {manager.py:740} INFO - There are 1 files in /opt/airflow/dags
[2026-03-14T15:52:48.945+0000] {manager.py:878} INFO - 
================================================================================
DAG File Processing Stats

File Path                       PID  Runtime      # DAGs    # Errors  Last Runtime    Last Run
----------------------------  -----  ---------  --------  ----------  --------------  ----------
/opt/airflow/dags/airflow.py     92  0.14s             0           0
================================================================================
[2026-03-14T15:53:19.441+0000] {manager.py:878} INFO - 
================================================================================
DAG File Processing Stats

File Path                     PID    Runtime      # DAGs    # Errors  Last Runtime    Last Run
----------------------------  -----  ---------  --------  ----------  --------------  -------------------
/opt/airflow/dags/airflow.py                           1           0  8.86s           2026-03-14T15:52:57
================================================================================
[2026-03-14T15:53:49.578+0000] {manager.py:878} INFO - 
================================================================================
DAG File Processing Stats

File Path                     PID    Runtime      # DAGs    # Errors  Last Runtime    Last Run
----------------------------  -----  ---------  --------  ----------  --------------  -------------------
/opt/airflow/dags/airflow.py                           1           0  2.44s           2026-03-14T15:53:30
================================================================================
[2026-03-14T15:54:19.823+0000] {manager.py:878} INFO - 
================================================================================
DAG File Processing Stats

File Path                     PID    Runtime      # DAGs    # Errors  Last Runtime    Last Run
----------------------------  -----  ---------  --------  ----------  --------------  -------------------
/opt/airflow/dags/airflow.py                           1           0  2.52s           2026-03-14T15:54:03
================================================================================
[2026-03-14T15:54:50.058+0000] {manager.py:878} INFO - 
================================================================================
DAG File Processing Stats

File Path                     PID    Runtime      # DAGs    # Errors  Last Runtime    Last Run
----------------------------  -----  ---------  --------  ----------  --------------  -------------------
/opt/airflow/dags/airflow.py                           1           0  1.68s           2026-03-14T15:54:35
================================================================================
[2026-03-14T15:55:20.470+0000] {manager.py:878} INFO - 
================================================================================
DAG File Processing Stats

File Path                     PID    Runtime      # DAGs    # Errors  Last Runtime    Last Run
----------------------------  -----  ---------  --------  ----------  --------------  -------------------
/opt/airflow/dags/airflow.py                           1           0  1.47s           2026-03-14T15:55:06
================================================================================
[2026-03-14T15:55:51.023+0000] {manager.py:878} INFO - 
================================================================================
DAG File Processing Stats

File Path                     PID    Runtime      # DAGs    # Errors  Last Runtime    Last Run
----------------------------  -----  ---------  --------  ----------  --------------  -------------------
/opt/airflow/dags/airflow.py                           1           0  1.29s           2026-03-14T15:55:38
================================================================================
[2026-03-14T15:56:21.029+0000] {manager.py:878} INFO - 
================================================================================
DAG File Processing Stats

File Path                     PID    Runtime      # DAGs    # Errors  Last Runtime    Last Run
----------------------------  -----  ---------  --------  ----------  --------------  -------------------
/opt/airflow/dags/airflow.py                           1           0  1.45s           2026-03-14T15:56:09
================================================================================
[2026-03-14T15:56:51.309+0000] {manager.py:878} INFO - 
================================================================================
DAG File Processing Stats

File Path                     PID    Runtime      # DAGs    # Errors  Last Runtime    Last Run
----------------------------  -----  ---------  --------  ----------  --------------  -------------------
/opt/airflow/dags/airflow.py                           1           0  1.24s           2026-03-14T15:56:41
================================================================================
[2026-03-14T15:57:21.376+0000] {manager.py:878} INFO - 
================================================================================
DAG File Processing Stats

File Path                     PID    Runtime      # DAGs    # Errors  Last Runtime    Last Run
----------------------------  -----  ---------  --------  ----------  --------------  -------------------
/opt/airflow/dags/airflow.py                           1           0  1.82s           2026-03-14T15:57:13
================================================================================
[2026-03-14T15:57:48.619+0000] {manager.py:737} INFO - Searching for files in /opt/airflow/dags
[2026-03-14T15:57:48.690+0000] {manager.py:740} INFO - There are 1 files in /opt/airflow/dags
[2026-03-14T15:57:51.731+0000] {manager.py:878} INFO - 
================================================================================
DAG File Processing Stats

File Path                     PID    Runtime      # DAGs    # Errors  Last Runtime    Last Run
----------------------------  -----  ---------  --------  ----------  --------------  -------------------
/opt/airflow/dags/airflow.py                           1           0  1.36s           2026-03-14T15:57:44
================================================================================
[2026-03-14T15:58:22.210+0000] {manager.py:878} INFO - 
================================================================================
DAG File Processing Stats

File Path                     PID    Runtime      # DAGs    # Errors  Last Runtime    Last Run
----------------------------  -----  ---------  --------  ----------  --------------  -------------------
/opt/airflow/dags/airflow.py                           1           0  1.43s           2026-03-14T15:58:16
================================================================================
[2026-03-14T15:58:52.237+0000] {manager.py:878} INFO - 
================================================================================
DAG File Processing Stats

File Path                     PID    Runtime      # DAGs    # Errors  Last Runtime    Last Run
----------------------------  -----  ---------  --------  ----------  --------------  -------------------
/opt/airflow/dags/airflow.py                           1           0  1.55s           2026-03-14T15:58:48
================================================================================
[2026-03-14T15:59:22.946+0000] {manager.py:878} INFO - 
================================================================================
DAG File Processing Stats

File Path                     PID    Runtime      # DAGs    # Errors  Last Runtime    Last Run
----------------------------  -----  ---------  --------  ----------  --------------  -------------------
/opt/airflow/dags/airflow.py                           1           0  1.54s           2026-03-14T15:59:19
================================================================================
[2026-03-14T15:59:53.213+0000] {manager.py:878} INFO - 
================================================================================
DAG File Processing Stats

File Path                     PID    Runtime      # DAGs    # Errors  Last Runtime    Last Run
----------------------------  -----  ---------  --------  ----------  --------------  -------------------
/opt/airflow/dags/airflow.py                           1           0  2.04s           2026-03-14T15:59:52
================================================================================
[2026-03-14T16:00:23.483+0000] {manager.py:878} INFO - 
================================================================================
DAG File Processing Stats

File Path                       PID  Runtime      # DAGs    # Errors  Last Runtime    Last Run
----------------------------  -----  ---------  --------  ----------  --------------  -------------------
/opt/airflow/dags/airflow.py    322  1.02s             1           0  2.04s           2026-03-14T15:59:52
================================================================================
[2026-03-14T16:00:53.702+0000] {manager.py:878} INFO - 
================================================================================
DAG File Processing Stats

File Path                     PID    Runtime      # DAGs    # Errors  Last Runtime    Last Run
----------------------------  -----  ---------  --------  ----------  --------------  -------------------
/opt/airflow/dags/airflow.py                           1           0  1.74s           2026-03-14T16:00:24
================================================================================
[2026-03-14T16:01:23.955+0000] {manager.py:878} INFO - 
================================================================================
DAG File Processing Stats

File Path                     PID    Runtime      # DAGs    # Errors  Last Runtime    Last Run
----------------------------  -----  ---------  --------  ----------  --------------  -------------------
/opt/airflow/dags/airflow.py                           1           0  1.64s           2026-03-14T16:00:56
================================================================================
[2026-03-14T16:01:54.691+0000] {manager.py:878} INFO - 
================================================================================
DAG File Processing Stats

File Path                     PID    Runtime      # DAGs    # Errors  Last Runtime    Last Run
----------------------------  -----  ---------  --------  ----------  --------------  -------------------
/opt/airflow/dags/airflow.py                           1           0  1.22s           2026-03-14T16:01:27
================================================================================
[2026-03-14T16:02:25.117+0000] {manager.py:878} INFO - 
================================================================================
DAG File Processing Stats

File Path                     PID    Runtime      # DAGs    # Errors  Last Runtime    Last Run
----------------------------  -----  ---------  --------  ----------  --------------  -------------------
/opt/airflow/dags/airflow.py                           1           0  1.52s           2026-03-14T16:01:59
================================================================================
[2026-03-14T16:02:48.681+0000] {manager.py:737} INFO - Searching for files in /opt/airflow/dags
[2026-03-14T16:02:48.749+0000] {manager.py:740} INFO - There are 1 files in /opt/airflow/dags
[2026-03-14T16:02:55.815+0000] {manager.py:878} INFO - 
================================================================================
DAG File Processing Stats

File Path                     PID    Runtime      # DAGs    # Errors  Last Runtime    Last Run
----------------------------  -----  ---------  --------  ----------  --------------  -------------------
/opt/airflow/dags/airflow.py                           1           0  1.22s           2026-03-14T16:02:30
================================================================================
[2026-03-14T16:03:25.887+0000] {manager.py:878} INFO - 
================================================================================
DAG File Processing Stats

File Path                     PID    Runtime      # DAGs    # Errors  Last Runtime    Last Run
----------------------------  -----  ---------  --------  ----------  --------------  -------------------
/opt/airflow/dags/airflow.py                           1           0  1.84s           2026-03-14T16:03:02
================================================================================
[2026-03-14T16:03:56.200+0000] {manager.py:878} INFO - 
================================================================================
DAG File Processing Stats

File Path                     PID    Runtime      # DAGs    # Errors  Last Runtime    Last Run
----------------------------  -----  ---------  --------  ----------  --------------  -------------------
/opt/airflow/dags/airflow.py                           1           0  2.04s           2026-03-14T16:03:35
================================================================================
[2026-03-14T16:04:26.501+0000] {manager.py:878} INFO - 
================================================================================
DAG File Processing Stats

File Path                     PID    Runtime      # DAGs    # Errors  Last Runtime    Last Run
----------------------------  -----  ---------  --------  ----------  --------------  -------------------
/opt/airflow/dags/airflow.py                           1           0  1.40s           2026-03-14T16:04:06
================================================================================
[2026-03-14T16:04:56.520+0000] {manager.py:878} INFO - 
================================================================================
DAG File Processing Stats

File Path                     PID    Runtime      # DAGs    # Errors  Last Runtime    Last Run
----------------------------  -----  ---------  --------  ----------  --------------  -------------------
/opt/airflow/dags/airflow.py                           1           0  1.35s           2026-03-14T16:04:38
================================================================================
[2026-03-14T16:05:26.809+0000] {manager.py:878} INFO - 
================================================================================
DAG File Processing Stats

File Path                     PID    Runtime      # DAGs    # Errors  Last Runtime    Last Run
----------------------------  -----  ---------  --------  ----------  --------------  -------------------
/opt/airflow/dags/airflow.py                           1           0  1.34s           2026-03-14T16:05:09
================================================================================
[2026-03-14T16:05:57.388+0000] {manager.py:878} INFO - 
================================================================================
DAG File Processing Stats

File Path                     PID    Runtime      # DAGs    # Errors  Last Runtime    Last Run
----------------------------  -----  ---------  --------  ----------  --------------  -------------------
/opt/airflow/dags/airflow.py                           1           0  1.27s           2026-03-14T16:05:41
================================================================================
[2026-03-14T16:06:27.949+0000] {manager.py:878} INFO - 
================================================================================
DAG File Processing Stats

File Path                     PID    Runtime      # DAGs    # Errors  Last Runtime    Last Run
----------------------------  -----  ---------  --------  ----------  --------------  -------------------
/opt/airflow/dags/airflow.py                           1           0  1.29s           2026-03-14T16:06:12
================================================================================
[2026-03-14T16:06:58.046+0000] {manager.py:878} INFO - 
================================================================================
DAG File Processing Stats

File Path                     PID    Runtime      # DAGs    # Errors  Last Runtime    Last Run
----------------------------  -----  ---------  --------  ----------  --------------  -------------------
/opt/airflow/dags/airflow.py                           1           0  1.83s           2026-03-14T16:06:44
================================================================================
[2026-03-14T16:07:28.476+0000] {manager.py:878} INFO - 
================================================================================
DAG File Processing Stats

File Path                     PID    Runtime      # DAGs    # Errors  Last Runtime    Last Run
----------------------------  -----  ---------  --------  ----------  --------------  -------------------
/opt/airflow/dags/airflow.py                           1           0  1.45s           2026-03-14T16:07:16
================================================================================
